2025-01-28 11:59:01,382 - basicLogger - INFO - Received event report_ship_arrived with trace id 85486dc8-3556-44a6-9612-c40c04d7aac6
2025-01-28 11:59:01,581 - basicLogger - INFO - Received event report_ship_arrived with trace id 0cbdf00d-08ba-4041-8ee9-a3f44be46e78
2025-01-28 11:59:01,629 - basicLogger - INFO - Response for event report_ship_arrived (id:2302249) has status 500
2025-01-28 11:59:01,636 - basicLogger - INFO - Received event report_container_processed with trace id 3dc3e5c4-2e14-4e65-83f6-8dec995761ce
2025-01-28 11:59:01,755 - basicLogger - INFO - Response for event report_ship_arrived (id:7891058) has status 500
2025-01-28 11:59:01,761 - basicLogger - INFO - Received event report_container_processed with trace id 22d1d0ec-f269-493f-bf17-2bc83594ad71
2025-01-28 11:59:01,786 - basicLogger - INFO - Received event report_ship_arrived with trace id 05241ddf-3069-47ac-ba8b-b28ae818581b
2025-01-28 11:59:01,819 - basicLogger - INFO - Response for event report_container_processed (id:6547801) has status 500
2025-01-28 11:59:01,826 - basicLogger - INFO - Received event report_ship_arrived with trace id f2c034da-accf-4491-beae-f3f1122d8790
2025-01-28 11:59:01,986 - basicLogger - INFO - Response for event report_container_processed (id:3808315) has status 500
2025-01-28 11:59:01,987 - basicLogger - INFO - Received event report_ship_arrived with trace id f9b6a1ef-1396-4970-b564-1646bce191a7
2025-01-28 11:59:01,995 - basicLogger - INFO - Received event report_ship_arrived with trace id ebf1edfb-9249-403c-b12e-edb43f3ef61f
2025-01-28 11:59:02,030 - basicLogger - INFO - Response for event report_ship_arrived (id:4927) has status 500
2025-01-28 11:59:02,037 - basicLogger - INFO - Received event report_container_processed with trace id 766c75c4-e2be-40a4-97b6-0beb9b2b7ea1
2025-01-28 11:59:02,051 - basicLogger - INFO - Response for event report_ship_arrived (id:4866031) has status 500
2025-01-28 11:59:02,059 - basicLogger - INFO - Received event report_container_processed with trace id e00d67f6-96b6-4e1b-9824-f30cfec8eb20
2025-01-28 11:59:02,180 - basicLogger - INFO - Received event report_ship_arrived with trace id e5aef4c0-4db9-483c-9f7b-f6b1b44a636c
2025-01-28 11:59:02,290 - basicLogger - INFO - Response for event report_ship_arrived (id:1958371) has status 500
2025-01-28 11:59:02,301 - basicLogger - INFO - Received event report_container_processed with trace id 3ef7dbb3-4e5f-4b22-a69c-14b0b59e5376
2025-01-28 11:59:02,306 - basicLogger - INFO - Response for event report_ship_arrived (id:3027401) has status 500
2025-01-28 11:59:02,315 - basicLogger - INFO - Received event report_container_processed with trace id 5c3a86d3-744d-43a0-9949-84b3fcbb9aa2
2025-01-28 11:59:02,343 - basicLogger - INFO - Response for event report_container_processed (id:2803147) has status 500
2025-01-28 11:59:02,352 - basicLogger - INFO - Received event report_ship_arrived with trace id 518b2918-36db-448c-981c-5b30934baa84
2025-01-28 11:59:02,364 - basicLogger - INFO - Response for event report_container_processed (id:6408113) has status 500
2025-01-28 11:59:02,372 - basicLogger - INFO - Received event report_ship_arrived with trace id c4d0a3df-9442-4cd5-8b11-87ed92489293
2025-01-28 11:59:02,479 - basicLogger - INFO - Response for event report_ship_arrived (id:4280869) has status 500
2025-01-28 11:59:02,490 - basicLogger - INFO - Received event report_container_processed with trace id 802b9c1c-800d-48a2-a4ad-3c9b747f32b4
2025-01-28 11:59:02,630 - basicLogger - INFO - Response for event report_container_processed (id:9368168) has status 500
2025-01-28 11:59:02,641 - basicLogger - INFO - Received event report_ship_arrived with trace id 4bad16db-0825-44a8-a378-235b0792db66
2025-01-28 11:59:02,643 - basicLogger - INFO - Response for event report_container_processed (id:1218096) has status 500
2025-01-28 11:59:02,652 - basicLogger - INFO - Received event report_ship_arrived with trace id 6a00eb8e-051b-4036-b323-a27bfaafcd36
2025-01-28 11:59:02,681 - basicLogger - INFO - Response for event report_ship_arrived (id:8384140) has status 500
2025-01-28 11:59:02,688 - basicLogger - INFO - Received event report_container_processed with trace id 2b1e0a32-4aaa-4fd6-802c-6f607bffbfae
2025-01-28 11:59:02,712 - basicLogger - INFO - Response for event report_ship_arrived (id:7532366) has status 500
2025-01-28 11:59:02,720 - basicLogger - INFO - Received event report_container_processed with trace id beafb985-d71d-4cc2-858f-970ef540ed1d
2025-01-28 11:59:02,763 - basicLogger - INFO - Response for event report_container_processed (id:3674677) has status 500
2025-01-28 11:59:02,770 - basicLogger - INFO - Received event report_ship_arrived with trace id dce5a0dd-ff4a-4285-9517-136bd646a333
2025-01-28 11:59:02,933 - basicLogger - INFO - Response for event report_ship_arrived (id:4364295) has status 500
2025-01-28 11:59:02,949 - basicLogger - INFO - Received event report_container_processed with trace id 9e55a0c5-472a-4a04-afcc-95645abae3d0
2025-01-28 11:59:02,999 - basicLogger - INFO - Response for event report_ship_arrived (id:5930055) has status 500
2025-01-28 11:59:03,059 - basicLogger - INFO - Received event report_container_processed with trace id e215ce18-ca44-47c6-ac2d-c2b3b7f20b3a
2025-01-28 11:59:03,074 - basicLogger - INFO - Response for event report_container_processed (id:8404325) has status 500
2025-01-28 11:59:03,082 - basicLogger - INFO - Response for event report_container_processed (id:5243952) has status 500
2025-01-28 11:59:03,089 - basicLogger - INFO - Received event report_ship_arrived with trace id 8c3e597b-cdea-4a59-8f3d-91fe20b09e78
2025-01-28 11:59:03,093 - basicLogger - INFO - Received event report_ship_arrived with trace id ec460463-1163-4b29-b068-7d10f6160ef7
2025-01-28 11:59:03,118 - basicLogger - INFO - Response for event report_ship_arrived (id:6455736) has status 500
2025-01-28 11:59:03,125 - basicLogger - INFO - Received event report_container_processed with trace id 2dbaebe2-8a86-4234-bf96-ff2c472281a3
2025-01-28 11:59:03,288 - basicLogger - INFO - Response for event report_container_processed (id:8756016) has status 500
2025-01-28 11:59:03,295 - basicLogger - INFO - Received event report_ship_arrived with trace id 42830ec4-9c62-4080-b50c-b69365abd518
2025-01-28 11:59:03,387 - basicLogger - INFO - Response for event report_container_processed (id:3456322) has status 500
2025-01-28 11:59:03,395 - basicLogger - INFO - Received event report_ship_arrived with trace id 8660fda7-46d6-4378-a6e7-30654eec12f9
2025-01-28 11:59:03,409 - basicLogger - INFO - Response for event report_ship_arrived (id:2619580) has status 500
2025-01-28 11:59:03,417 - basicLogger - INFO - Received event report_container_processed with trace id 9997450a-c44c-495a-aaa9-765d5e40906d
2025-01-28 11:59:03,431 - basicLogger - INFO - Response for event report_ship_arrived (id:3426609) has status 500
2025-01-28 11:59:03,438 - basicLogger - INFO - Received event report_container_processed with trace id a4220c65-f216-476f-b4ce-740d76cb64eb
2025-01-28 11:59:03,449 - basicLogger - INFO - Response for event report_container_processed (id:2314060) has status 500
2025-01-28 11:59:03,457 - basicLogger - INFO - Received event report_ship_arrived with trace id 8123c682-428a-4c4d-813c-b361dd757165
2025-01-28 11:59:03,593 - basicLogger - INFO - Response for event report_ship_arrived (id:5467691) has status 500
2025-01-28 11:59:03,601 - basicLogger - INFO - Received event report_container_processed with trace id 351978e1-2198-4346-a704-184213faf4d7
2025-01-28 11:59:03,685 - basicLogger - INFO - Response for event report_ship_arrived (id:5217094) has status 500
2025-01-28 11:59:03,692 - basicLogger - INFO - Received event report_container_processed with trace id ce73cc5d-3ff2-413b-a470-12dd141e75f9
2025-01-28 11:59:03,737 - basicLogger - INFO - Response for event report_container_processed (id:6363824) has status 500
2025-01-28 11:59:03,743 - basicLogger - INFO - Received event report_ship_arrived with trace id b398e158-f799-4603-ad4c-694b228dc7ce
2025-01-28 11:59:03,759 - basicLogger - INFO - Response for event report_ship_arrived (id:8240780) has status 500
2025-01-28 11:59:03,767 - basicLogger - INFO - Received event report_container_processed with trace id 57a49258-e6d7-4fd0-be95-e8963f31a286
2025-01-28 11:59:03,775 - basicLogger - INFO - Response for event report_container_processed (id:3616771) has status 500
2025-01-28 11:59:03,782 - basicLogger - INFO - Received event report_ship_arrived with trace id b2cc6420-4624-4cd4-a9ac-6cd5a9673086
2025-01-28 11:59:03,886 - basicLogger - INFO - Response for event report_container_processed (id:4329567) has status 500
2025-01-28 11:59:03,894 - basicLogger - INFO - Received event report_ship_arrived with trace id 11a1fc72-1eeb-4977-8d8d-c10e396f5078
2025-01-28 11:59:03,996 - basicLogger - INFO - Response for event report_container_processed (id:5545829) has status 500
2025-01-28 11:59:04,009 - basicLogger - INFO - Received event report_ship_arrived with trace id 66ab09f8-615b-4da0-ab3c-261741bfa86a
2025-01-28 11:59:04,043 - basicLogger - INFO - Response for event report_ship_arrived (id:6032391) has status 500
2025-01-28 11:59:04,052 - basicLogger - INFO - Received event report_container_processed with trace id e5635070-617f-4f85-8845-f65b307ce72b
2025-01-28 11:59:04,064 - basicLogger - INFO - Response for event report_container_processed (id:3794518) has status 500
2025-01-28 11:59:04,072 - basicLogger - INFO - Received event report_ship_arrived with trace id 7c521ca3-4f37-49bd-99db-f24d36ba4520
2025-01-28 11:59:04,086 - basicLogger - INFO - Response for event report_ship_arrived (id:2946014) has status 500
2025-01-28 11:59:04,093 - basicLogger - INFO - Received event report_container_processed with trace id 3643f9d8-3b4f-4212-839c-346d54c9852f
2025-01-28 11:59:04,174 - basicLogger - INFO - Response for event report_ship_arrived (id:4008621) has status 500
2025-01-28 11:59:04,186 - basicLogger - INFO - Received event report_container_processed with trace id 1fce0383-0028-4306-9b9e-cef2c352efbb
2025-01-28 11:59:04,299 - basicLogger - INFO - Response for event report_ship_arrived (id:8514630) has status 500
2025-01-28 11:59:04,307 - basicLogger - INFO - Received event report_container_processed with trace id 6b3e57d1-76dd-434a-b9e9-3883cd7a901f
2025-01-28 11:59:04,357 - basicLogger - INFO - Response for event report_container_processed (id:7591960) has status 500
2025-01-28 11:59:04,461 - basicLogger - INFO - Response for event report_ship_arrived (id:7478262) has status 500
2025-01-28 11:59:04,478 - basicLogger - INFO - Response for event report_container_processed (id:6937466) has status 500
2025-01-28 11:59:04,478 - basicLogger - INFO - Received event report_container_processed with trace id 8aeb06f8-5521-4303-9f6b-19be2b980cf9
2025-01-28 11:59:04,492 - basicLogger - INFO - Response for event report_container_processed (id:9998467) has status 500
2025-01-28 11:59:04,495 - basicLogger - INFO - Received event report_ship_arrived with trace id 99c747c8-9c6b-422d-818c-ea531b96dc06
2025-01-28 11:59:04,512 - basicLogger - INFO - Received event report_ship_arrived with trace id c5e742b4-7096-454c-9445-508d7753f8e2
2025-01-28 11:59:04,581 - basicLogger - INFO - Response for event report_container_processed (id:3597756) has status 500
2025-01-28 11:59:04,720 - basicLogger - INFO - Response for event report_ship_arrived (id:9602431) has status 500
2025-01-28 11:59:04,729 - basicLogger - INFO - Received event report_container_processed with trace id a8cbda96-7940-456d-905f-4ed0e655a99d
2025-01-28 11:59:04,735 - basicLogger - INFO - Response for event report_container_processed (id:7341859) has status 500
2025-01-28 11:59:04,741 - basicLogger - INFO - Received event report_ship_arrived with trace id 3d023c85-ea04-4655-80c8-2965dbe0f777
2025-01-28 11:59:04,751 - basicLogger - INFO - Response for event report_ship_arrived (id:1813502) has status 500
2025-01-28 11:59:04,757 - basicLogger - INFO - Received event report_container_processed with trace id 82c490ad-b00d-45b6-a05f-d511e1f4f20e
2025-01-28 11:59:04,944 - basicLogger - INFO - Response for event report_container_processed (id:5756432) has status 500
2025-01-28 11:59:04,964 - basicLogger - INFO - Response for event report_ship_arrived (id:3334733) has status 500
2025-01-28 11:59:04,971 - basicLogger - INFO - Received event report_container_processed with trace id 45bcffaf-39db-4823-9a79-b41b36fa2dc7
2025-01-28 11:59:04,986 - basicLogger - INFO - Response for event report_container_processed (id:5860674) has status 500
2025-01-28 11:59:05,122 - basicLogger - INFO - Response for event report_container_processed (id:3665086) has status 500
2025-01-28 12:07:29,302 - basicLogger - INFO - Received event report_ship_arrived with trace id 98e50f23-aeca-46da-bdeb-94b5fccd97a2
2025-01-28 12:07:29,499 - basicLogger - INFO - Received event report_ship_arrived with trace id f7aabeb4-b374-4df0-88cd-8cf4c458c6c8
2025-01-28 12:07:29,528 - basicLogger - INFO - Response for event report_ship_arrived (id:6335668) has status 500
2025-01-28 12:07:29,536 - basicLogger - INFO - Received event report_container_processed with trace id 698fe50b-0e69-443b-885c-dd86868b1b9f
2025-01-28 12:07:29,693 - basicLogger - INFO - Response for event report_ship_arrived (id:7837340) has status 500
2025-01-28 12:07:29,710 - basicLogger - INFO - Received event report_ship_arrived with trace id e3b24b9a-e3ba-45a2-a6e9-0dc67b768b2b
2025-01-28 12:07:29,711 - basicLogger - INFO - Received event report_container_processed with trace id cadb92a5-19c6-4278-835e-0b7bb43a2135
2025-01-28 12:07:29,741 - basicLogger - INFO - Response for event report_container_processed (id:3428760) has status 500
2025-01-28 12:07:29,751 - basicLogger - INFO - Received event report_ship_arrived with trace id c7653a46-6a9e-4c8e-a605-08688486832e
2025-01-28 12:07:29,900 - basicLogger - INFO - Received event report_ship_arrived with trace id 88725400-814c-46f6-9566-2e17daa03850
2025-01-28 12:07:29,934 - basicLogger - INFO - Response for event report_container_processed (id:2844846) has status 500
2025-01-28 12:07:29,944 - basicLogger - INFO - Received event report_ship_arrived with trace id 7d019c87-2036-4a19-9b76-04134f36c043
2025-01-28 12:07:29,974 - basicLogger - INFO - Response for event report_ship_arrived (id:8877075) has status 500
2025-01-28 12:07:29,983 - basicLogger - INFO - Received event report_container_processed with trace id b4714dcf-67b0-4e04-8bdc-c180cce2ef4e
2025-01-28 12:07:30,030 - basicLogger - INFO - Response for event report_ship_arrived (id:9933060) has status 500
2025-01-28 12:07:30,038 - basicLogger - INFO - Received event report_container_processed with trace id da318685-d2a1-49a4-82cb-836bfcea28b7
2025-01-28 12:07:30,101 - basicLogger - INFO - Received event report_ship_arrived with trace id e6f50d4c-dcaf-4e4d-a379-c9e47f052514
2025-01-28 12:07:30,163 - basicLogger - INFO - Response for event report_ship_arrived (id:1372333) has status 500
2025-01-28 12:07:30,189 - basicLogger - INFO - Received event report_container_processed with trace id 2018d3b8-a77d-4086-bbcd-dd2c8551e627
2025-01-28 12:07:30,251 - basicLogger - INFO - Response for event report_ship_arrived (id:6294037) has status 500
2025-01-28 12:07:30,261 - basicLogger - INFO - Received event report_container_processed with trace id 43ac7839-efe4-4d93-ba27-6e2194aad6c8
2025-01-28 12:07:30,281 - basicLogger - INFO - Response for event report_container_processed (id:8386324) has status 500
2025-01-28 12:07:30,291 - basicLogger - INFO - Received event report_ship_arrived with trace id 1177b1be-380c-4234-907a-33216abd1dde
2025-01-28 12:07:30,392 - basicLogger - INFO - Response for event report_container_processed (id:4698833) has status 500
2025-01-28 12:07:30,399 - basicLogger - INFO - Received event report_ship_arrived with trace id f56ab11b-f2a5-4071-ad76-669c8d839895
2025-01-28 12:07:30,433 - basicLogger - INFO - Response for event report_ship_arrived (id:4318703) has status 500
2025-01-28 12:07:30,443 - basicLogger - INFO - Received event report_container_processed with trace id 87cb60b7-e181-46b9-b5ac-6c6fd99b9201
2025-01-28 12:07:30,507 - basicLogger - INFO - Response for event report_container_processed (id:4652606) has status 500
2025-01-28 12:07:30,521 - basicLogger - INFO - Received event report_ship_arrived with trace id 9f0980ae-7957-4e44-9ed4-13d8b1fbc036
2025-01-28 12:07:30,570 - basicLogger - INFO - Response for event report_container_processed (id:8521799) has status 500
2025-01-28 12:07:30,582 - basicLogger - INFO - Received event report_ship_arrived with trace id 61dbef7d-d49e-4f10-bae9-c50c9aa5cf0e
2025-01-28 12:07:30,626 - basicLogger - INFO - Response for event report_ship_arrived (id:4001349) has status 500
2025-01-28 12:07:30,647 - basicLogger - INFO - Received event report_container_processed with trace id c2d2c577-3d82-41fe-ba88-573587b15b18
2025-01-28 12:07:30,757 - basicLogger - INFO - Response for event report_ship_arrived (id:7618980) has status 500
2025-01-28 12:07:30,785 - basicLogger - INFO - Received event report_container_processed with trace id c805d9f1-4338-4e27-8402-2e7b966c5e72
2025-01-28 12:07:30,826 - basicLogger - INFO - Response for event report_container_processed (id:4445137) has status 500
2025-01-28 12:07:30,836 - basicLogger - INFO - Received event report_ship_arrived with trace id b427641b-5615-4039-99c3-2809b9c2936e
2025-01-28 12:07:30,843 - basicLogger - INFO - Response for event report_ship_arrived (id:4514868) has status 500
2025-01-28 12:07:30,852 - basicLogger - INFO - Received event report_container_processed with trace id 291d2474-5771-43c0-bf78-7e52bdc43bc9
2025-01-28 12:07:30,970 - basicLogger - INFO - Response for event report_ship_arrived (id:3124051) has status 500
2025-01-28 12:07:30,979 - basicLogger - INFO - Received event report_container_processed with trace id bdb6006e-ce80-4aef-b964-69e0cb739114
2025-01-28 12:07:30,995 - basicLogger - INFO - Response for event report_container_processed (id:972957) has status 500
2025-01-28 12:07:31,006 - basicLogger - INFO - Received event report_ship_arrived with trace id 733772ff-13f7-42f6-931c-8c6b19c825ab
2025-01-28 12:07:31,069 - basicLogger - INFO - Response for event report_container_processed (id:6375249) has status 500
2025-01-28 12:07:31,077 - basicLogger - INFO - Received event report_ship_arrived with trace id 2bed5bf6-5221-40dd-b658-670cf4605483
2025-01-28 12:07:31,146 - basicLogger - INFO - Response for event report_ship_arrived (id:1904711) has status 500
2025-01-28 12:07:31,154 - basicLogger - INFO - Received event report_container_processed with trace id 8d5ec217-2acf-4c3d-a13e-cfcbaa6f6af4
2025-01-28 12:07:31,165 - basicLogger - INFO - Response for event report_container_processed (id:5546322) has status 500
2025-01-28 12:07:31,175 - basicLogger - INFO - Received event report_ship_arrived with trace id fb444d68-c312-4bad-a11d-9c299470595b
2025-01-28 12:07:31,399 - basicLogger - INFO - Response for event report_ship_arrived (id:8403944) has status 500
2025-01-28 12:07:31,436 - basicLogger - INFO - Response for event report_container_processed (id:4679433) has status 500
2025-01-28 12:07:31,450 - basicLogger - INFO - Response for event report_ship_arrived (id:7717640) has status 500
2025-01-28 12:07:31,472 - basicLogger - INFO - Response for event report_container_processed (id:2519530) has status 500
2025-01-28 12:07:31,490 - basicLogger - INFO - Response for event report_ship_arrived (id:3811909) has status 500
2025-01-28 12:11:04,875 - basicLogger - INFO - Received event report_ship_arrived with trace id 599e1261-1376-4014-b3b5-fe66e9db8cbe
2025-01-28 12:11:05,073 - basicLogger - INFO - Received event report_ship_arrived with trace id 9b743f9f-7967-4a0d-898a-6ec578c005fa
2025-01-28 12:11:05,105 - basicLogger - INFO - Response for event report_ship_arrived (id:9624506) has status 201
2025-01-28 12:11:05,112 - basicLogger - INFO - Received event report_container_processed with trace id e014bcda-ab3b-40be-b974-42f1fa94e9e9
2025-01-28 12:11:05,258 - basicLogger - INFO - Response for event report_ship_arrived (id:9661943) has status 201
2025-01-28 12:11:05,265 - basicLogger - INFO - Received event report_container_processed with trace id 2625887b-855b-4e6a-a327-af27df0d758a
2025-01-28 12:11:05,279 - basicLogger - INFO - Received event report_ship_arrived with trace id c18abfec-fc51-4394-9513-6d43d7f2b8b0
2025-01-28 12:11:05,313 - basicLogger - INFO - Response for event report_container_processed (id:575234) has status 201
2025-01-28 12:11:05,319 - basicLogger - INFO - Received event report_ship_arrived with trace id 55276d35-cc13-4191-a6cd-068a9a683741
2025-01-28 12:11:05,480 - basicLogger - INFO - Received event report_ship_arrived with trace id b2d921d9-868a-4bd5-a164-2baffe59d3ad
2025-01-28 12:11:05,482 - basicLogger - INFO - Response for event report_container_processed (id:4198505) has status 201
2025-01-28 12:11:05,489 - basicLogger - INFO - Received event report_ship_arrived with trace id bc996022-b95f-47dd-90dc-33f34a0d960b
2025-01-28 12:11:05,502 - basicLogger - INFO - Response for event report_ship_arrived (id:189228) has status 201
2025-01-28 12:11:05,510 - basicLogger - INFO - Received event report_container_processed with trace id a5a0878e-a4f5-433a-92f6-6c661341d6ba
2025-01-28 12:11:05,558 - basicLogger - INFO - Response for event report_ship_arrived (id:203838) has status 201
2025-01-28 12:11:05,565 - basicLogger - INFO - Received event report_container_processed with trace id e960378d-8b33-4ee1-9a4e-3592f2975545
2025-01-28 12:11:05,673 - basicLogger - INFO - Received event report_ship_arrived with trace id b6c4d523-88df-4f4d-97af-fb7adcafeb62
2025-01-28 12:11:05,829 - basicLogger - INFO - Response for event report_ship_arrived (id:8803817) has status 201
2025-01-28 12:11:05,838 - basicLogger - INFO - Received event report_container_processed with trace id 3dfc43b5-ecba-4e70-9298-c704d419d8a4
2025-01-28 12:11:05,863 - basicLogger - INFO - Response for event report_ship_arrived (id:2558714) has status 201
2025-01-28 12:11:05,875 - basicLogger - INFO - Received event report_container_processed with trace id 4e72a253-1acb-4c24-8a46-5912206423c7
2025-01-28 12:11:05,879 - basicLogger - INFO - Response for event report_container_processed (id:9510804) has status 201
2025-01-28 12:11:05,886 - basicLogger - INFO - Received event report_ship_arrived with trace id ec0c04a2-6ef2-4e8a-a48a-56dab2f29a83
2025-01-28 12:11:05,907 - basicLogger - INFO - Response for event report_container_processed (id:7147375) has status 201
2025-01-28 12:11:05,918 - basicLogger - INFO - Received event report_ship_arrived with trace id 61a574f1-efd9-40b3-bc69-705fe16036ec
2025-01-28 12:11:05,953 - basicLogger - INFO - Response for event report_ship_arrived (id:9160388) has status 201
2025-01-28 12:11:05,959 - basicLogger - INFO - Received event report_container_processed with trace id 8139eed9-cd14-410f-95f9-51b514b7a2ff
2025-01-28 12:11:06,145 - basicLogger - INFO - Response for event report_container_processed (id:8944681) has status 201
2025-01-28 12:11:06,153 - basicLogger - INFO - Received event report_ship_arrived with trace id d6f0e171-c023-4b77-aa73-ec4043ad1cef
2025-01-28 12:11:06,201 - basicLogger - INFO - Response for event report_container_processed (id:7982649) has status 201
2025-01-28 12:11:06,210 - basicLogger - INFO - Received event report_ship_arrived with trace id 7fe88c2a-481d-421e-95b3-816fbbbbe87e
2025-01-28 12:11:06,242 - basicLogger - INFO - Response for event report_ship_arrived (id:4523298) has status 201
2025-01-28 12:11:06,249 - basicLogger - INFO - Received event report_container_processed with trace id 1dfba8cf-bdfb-42a8-affd-5a00281b51cb
2025-01-28 12:11:06,261 - basicLogger - INFO - Response for event report_container_processed (id:7438632) has status 201
2025-01-28 12:11:06,267 - basicLogger - INFO - Response for event report_ship_arrived (id:2764657) has status 201
2025-01-28 12:11:06,272 - basicLogger - INFO - Received event report_ship_arrived with trace id 69d9c254-9dd3-4539-bda7-f23823ccd7d8
2025-01-28 12:11:06,277 - basicLogger - INFO - Received event report_container_processed with trace id c9cf12f6-e379-407c-96ac-540d1b7ef4ae
2025-01-28 12:11:06,445 - basicLogger - INFO - Response for event report_ship_arrived (id:6495119) has status 201
2025-01-28 12:11:06,452 - basicLogger - INFO - Received event report_container_processed with trace id 08af398d-09c0-4f46-8f35-217a5b3d396b
2025-01-28 12:11:06,493 - basicLogger - INFO - Response for event report_ship_arrived (id:5658906) has status 201
2025-01-28 12:11:06,501 - basicLogger - INFO - Received event report_container_processed with trace id 8f3a4a6d-e322-4b20-989a-73a0b16aeb9f
2025-01-28 12:11:06,579 - basicLogger - INFO - Response for event report_ship_arrived (id:934485) has status 201
2025-01-28 12:11:06,588 - basicLogger - INFO - Received event report_container_processed with trace id a14485e8-40b3-4365-a2a7-4c07c3a9e361
2025-01-28 12:11:06,593 - basicLogger - INFO - Response for event report_container_processed (id:4260981) has status 201
2025-01-28 12:11:06,599 - basicLogger - INFO - Received event report_ship_arrived with trace id eeb0df4a-df9e-4c0e-a53b-1af3efd50e0e
2025-01-28 12:11:06,617 - basicLogger - INFO - Response for event report_container_processed (id:3320087) has status 201
2025-01-28 12:11:06,627 - basicLogger - INFO - Received event report_ship_arrived with trace id 8daf70ed-7938-4c4c-9cba-d7ad766fe38b
2025-01-28 12:11:06,731 - basicLogger - INFO - Response for event report_container_processed (id:4773260) has status 201
2025-01-28 12:11:06,743 - basicLogger - INFO - Received event report_ship_arrived with trace id 5a8ff436-f437-4e63-b699-6334e57ce3c8
2025-01-28 12:11:06,778 - basicLogger - INFO - Response for event report_container_processed (id:5681681) has status 201
2025-01-28 12:11:06,786 - basicLogger - INFO - Received event report_ship_arrived with trace id 0986fd46-4d03-4f9c-9bde-3aa20ab0523d
2025-01-28 12:11:06,873 - basicLogger - INFO - Response for event report_container_processed (id:4920347) has status 201
2025-01-28 12:11:06,881 - basicLogger - INFO - Received event report_ship_arrived with trace id 827238f7-dcdc-4f6f-87ac-0fc418eee7d8
2025-01-28 12:11:06,890 - basicLogger - INFO - Response for event report_ship_arrived (id:6128173) has status 201
2025-01-28 12:11:06,896 - basicLogger - INFO - Received event report_container_processed with trace id 2b8007f5-9f00-4b5b-8575-9c6ff1848468
2025-01-28 12:11:06,913 - basicLogger - INFO - Response for event report_ship_arrived (id:6528163) has status 201
2025-01-28 12:11:06,921 - basicLogger - INFO - Received event report_container_processed with trace id 68786bd5-4946-4ac8-aeb3-c244d2d68ab8
2025-01-28 12:11:07,077 - basicLogger - INFO - Response for event report_ship_arrived (id:561829) has status 201
2025-01-28 12:11:07,084 - basicLogger - INFO - Received event report_container_processed with trace id 9d2f9c18-0083-4652-91a8-524c7c2a3117
2025-01-28 12:11:07,095 - basicLogger - INFO - Response for event report_ship_arrived (id:9336631) has status 201
2025-01-28 12:11:07,101 - basicLogger - INFO - Received event report_container_processed with trace id 93adefcd-47aa-40ef-806e-84cc6098814f
2025-01-28 12:11:07,189 - basicLogger - INFO - Response for event report_ship_arrived (id:9862048) has status 201
2025-01-28 12:11:07,195 - basicLogger - INFO - Received event report_container_processed with trace id 4381bab3-9b07-43ee-a166-7b62600344c2
2025-01-28 12:11:07,208 - basicLogger - INFO - Response for event report_container_processed (id:7155629) has status 201
2025-01-28 12:11:07,217 - basicLogger - INFO - Received event report_ship_arrived with trace id e638d23f-22fd-4694-9c53-35ff122583c3
2025-01-28 12:11:07,237 - basicLogger - INFO - Response for event report_container_processed (id:6106251) has status 201
2025-01-28 12:11:07,247 - basicLogger - INFO - Received event report_ship_arrived with trace id ec6e7b80-9897-4ea4-95c9-24371ab0340b
2025-01-28 12:11:07,426 - basicLogger - INFO - Response for event report_container_processed (id:1740249) has status 201
2025-01-28 12:11:07,441 - basicLogger - INFO - Received event report_ship_arrived with trace id 2d33edc3-e7f9-4789-9238-0d1effd51929
2025-01-28 12:11:07,494 - basicLogger - INFO - Response for event report_container_processed (id:3330022) has status 201
2025-01-28 12:11:07,500 - basicLogger - INFO - Response for event report_container_processed (id:3722014) has status 201
2025-01-28 12:11:07,509 - basicLogger - INFO - Received event report_ship_arrived with trace id e8be48ad-68b0-45af-80da-f9006ef3dcad
2025-01-28 12:11:07,516 - basicLogger - INFO - Received event report_ship_arrived with trace id d3e352a4-e4c1-45d7-af28-a898d498a493
2025-01-28 12:11:07,546 - basicLogger - INFO - Response for event report_ship_arrived (id:7681999) has status 201
2025-01-28 12:11:07,555 - basicLogger - INFO - Received event report_container_processed with trace id e5093a61-a7be-4103-b39f-62aa754953de
2025-01-28 12:11:07,564 - basicLogger - INFO - Response for event report_ship_arrived (id:5726665) has status 201
2025-01-28 12:11:07,574 - basicLogger - INFO - Received event report_container_processed with trace id 199cbab1-75f3-453e-8f2a-c8a2e47f6d5e
2025-01-28 12:11:07,730 - basicLogger - INFO - Response for event report_ship_arrived (id:9436591) has status 201
2025-01-28 12:11:07,738 - basicLogger - INFO - Received event report_container_processed with trace id 294a8134-c1f5-4ca8-8ba2-560a49ed774c
2025-01-28 12:11:07,783 - basicLogger - INFO - Response for event report_ship_arrived (id:5340611) has status 201
2025-01-28 12:11:07,792 - basicLogger - INFO - Received event report_container_processed with trace id de8b83bc-eaf4-4e47-bbae-74b96fd6a57b
2025-01-28 12:11:07,830 - basicLogger - INFO - Response for event report_ship_arrived (id:7640101) has status 201
2025-01-28 12:11:07,838 - basicLogger - INFO - Received event report_container_processed with trace id b1aba3dd-19a7-4574-a1fc-316f0de2d841
2025-01-28 12:11:07,872 - basicLogger - INFO - Response for event report_container_processed (id:6181435) has status 201
2025-01-28 12:11:07,888 - basicLogger - INFO - Response for event report_container_processed (id:3579896) has status 201
2025-01-28 12:11:07,896 - basicLogger - INFO - Received event report_ship_arrived with trace id 1d8b43d0-86a3-4b03-9fa8-70e4d56771d3
2025-01-28 12:11:08,004 - basicLogger - INFO - Response for event report_container_processed (id:9287797) has status 201
2025-01-28 12:11:08,059 - basicLogger - INFO - Response for event report_container_processed (id:9996372) has status 201
2025-01-28 12:11:08,067 - basicLogger - INFO - Received event report_ship_arrived with trace id 2a376ac8-0d9e-40f0-8a61-ced92fe850db
2025-01-28 12:11:08,106 - basicLogger - INFO - Response for event report_container_processed (id:2866002) has status 201
2025-01-28 12:11:08,113 - basicLogger - INFO - Received event report_ship_arrived with trace id 6f2942b2-c7d0-44d4-830e-b6e6a52e40b9
2025-01-28 12:11:08,136 - basicLogger - INFO - Response for event report_ship_arrived (id:2329089) has status 201
2025-01-28 12:11:08,142 - basicLogger - INFO - Received event report_container_processed with trace id 1955ebbc-ab37-49a2-ac0b-4ec89710bc4d
2025-01-28 12:11:08,291 - basicLogger - INFO - Response for event report_ship_arrived (id:9909895) has status 201
2025-01-28 12:11:08,297 - basicLogger - INFO - Received event report_container_processed with trace id ee3fa23c-8e52-46cb-8900-f8024ed7dd67
2025-01-28 12:11:08,352 - basicLogger - INFO - Response for event report_ship_arrived (id:3178730) has status 201
2025-01-28 12:11:08,363 - basicLogger - INFO - Received event report_container_processed with trace id 762835fb-6ab3-4fe0-a52e-9f000cd2bd47
2025-01-28 12:11:08,388 - basicLogger - INFO - Response for event report_container_processed (id:7607596) has status 201
2025-01-28 12:11:08,491 - basicLogger - INFO - Response for event report_container_processed (id:5743223) has status 201
2025-01-28 12:11:08,531 - basicLogger - INFO - Response for event report_container_processed (id:8019488) has status 201
2025-01-28 12:27:24,453 - basicLogger - INFO - Received event report_ship_arrived with trace id 2a0a8e4a-5fd4-4001-bd54-335b83ffc846
2025-01-28 12:27:24,652 - basicLogger - INFO - Received event report_ship_arrived with trace id d9cc671f-83e5-4053-b912-87b964106551
2025-01-28 12:27:24,702 - basicLogger - INFO - Response for event report_ship_arrived (id:8355636) has status 201
2025-01-28 12:27:24,709 - basicLogger - INFO - Received event report_container_processed with trace id d8468699-93d7-4f59-8415-06830d55b91f
2025-01-28 12:27:24,852 - basicLogger - INFO - Response for event report_ship_arrived (id:1686522) has status 201
2025-01-28 12:27:24,856 - basicLogger - INFO - Received event report_ship_arrived with trace id 74fba456-a449-4f5b-b3c0-19842bd3ba5b
2025-01-28 12:27:24,863 - basicLogger - INFO - Received event report_container_processed with trace id c226d769-b79d-4230-82de-da94a8905a3f
2025-01-28 12:27:24,900 - basicLogger - INFO - Response for event report_container_processed (id:7030149) has status 201
2025-01-28 12:27:24,907 - basicLogger - INFO - Received event report_ship_arrived with trace id c2c6019d-8fd9-4db6-bfd0-581be46c59e8
2025-01-28 12:27:25,055 - basicLogger - INFO - Received event report_ship_arrived with trace id 8edaf19e-8390-41ef-8d4f-f132974237d4
2025-01-28 12:27:25,107 - basicLogger - INFO - Response for event report_ship_arrived (id:1133884) has status 201
2025-01-28 12:27:25,115 - basicLogger - INFO - Received event report_container_processed with trace id 1deb1350-9785-485d-b946-5f69ff8aab0b
2025-01-28 12:27:25,147 - basicLogger - INFO - Response for event report_container_processed (id:1229049) has status 201
2025-01-28 12:27:25,154 - basicLogger - INFO - Received event report_ship_arrived with trace id 44cd65ea-f1f9-406d-8889-7bd80cd59313
2025-01-28 12:27:25,165 - basicLogger - INFO - Response for event report_ship_arrived (id:465369) has status 201
2025-01-28 12:27:25,172 - basicLogger - INFO - Received event report_container_processed with trace id 3d3b7bac-27db-4458-b8e6-a4cdf700a5ce
2025-01-28 12:27:25,262 - basicLogger - INFO - Received event report_ship_arrived with trace id a322168c-df76-4e68-bc21-484c555792ab
2025-01-28 12:27:25,355 - basicLogger - INFO - Response for event report_ship_arrived (id:2644460) has status 201
2025-01-28 12:27:25,364 - basicLogger - INFO - Received event report_container_processed with trace id 23fa28a2-7e8c-4e61-b0af-0f5abaaf36f1
2025-01-28 12:27:25,401 - basicLogger - INFO - Response for event report_container_processed (id:2775363) has status 201
2025-01-28 12:27:25,409 - basicLogger - INFO - Received event report_ship_arrived with trace id 69484911-4f5d-4b95-a680-0edc11abca2e
2025-01-28 12:27:25,433 - basicLogger - INFO - Response for event report_ship_arrived (id:5084436) has status 201
2025-01-28 12:27:25,440 - basicLogger - INFO - Received event report_container_processed with trace id 14deb3c8-5cc4-4631-bc6e-3acf60bec1e4
2025-01-28 12:27:25,500 - basicLogger - INFO - Response for event report_container_processed (id:8106426) has status 201
2025-01-28 12:27:25,508 - basicLogger - INFO - Received event report_ship_arrived with trace id 818358e3-0cf5-4805-93cc-f11e5b2dfc1c
2025-01-28 12:27:25,545 - basicLogger - INFO - Response for event report_ship_arrived (id:9486855) has status 201
2025-01-28 12:27:25,552 - basicLogger - INFO - Received event report_container_processed with trace id 33c84adf-d85a-48cc-8d12-6727870c8e2f
2025-01-28 12:27:25,662 - basicLogger - INFO - Response for event report_container_processed (id:7174982) has status 201
2025-01-28 12:27:25,690 - basicLogger - INFO - Received event report_ship_arrived with trace id 5110f8bc-271e-4c91-88a6-d6d1f3bff5ae
2025-01-28 12:27:25,734 - basicLogger - INFO - Response for event report_ship_arrived (id:467561) has status 201
2025-01-28 12:27:25,740 - basicLogger - INFO - Received event report_container_processed with trace id 323b9355-550a-4a0b-92f0-e24d3e9dff47
2025-01-28 12:27:25,754 - basicLogger - INFO - Response for event report_container_processed (id:8931067) has status 201
2025-01-28 12:27:25,761 - basicLogger - INFO - Received event report_ship_arrived with trace id bb455b14-1fbd-47bb-b0ab-21ea62233609
2025-01-28 12:27:25,793 - basicLogger - INFO - Response for event report_ship_arrived (id:8190724) has status 201
2025-01-28 12:27:25,800 - basicLogger - INFO - Received event report_container_processed with trace id 523b1c6b-6e8b-4d85-90f1-171eb5cae34b
2025-01-28 12:27:25,837 - basicLogger - INFO - Response for event report_container_processed (id:3949110) has status 201
2025-01-28 12:27:25,844 - basicLogger - INFO - Received event report_ship_arrived with trace id 06b6c0c0-3eb1-4a90-8790-6618266ba27a
2025-01-28 12:27:25,949 - basicLogger - INFO - Response for event report_ship_arrived (id:9606910) has status 201
2025-01-28 12:27:25,954 - basicLogger - INFO - Received event report_container_processed with trace id 1b44d6c4-8654-4b70-b43c-3ee1c7fefc99
2025-01-28 12:27:26,043 - basicLogger - INFO - Response for event report_container_processed (id:6198467) has status 201
2025-01-28 12:27:26,051 - basicLogger - INFO - Received event report_ship_arrived with trace id ee16520c-a083-4647-89e1-0df4de2e4ce2
2025-01-28 12:27:26,079 - basicLogger - INFO - Response for event report_ship_arrived (id:3986142) has status 201
2025-01-28 12:27:26,086 - basicLogger - INFO - Received event report_container_processed with trace id 590ec296-19e2-4da3-b82f-435155d774f0
2025-01-28 12:27:26,114 - basicLogger - INFO - Response for event report_container_processed (id:797795) has status 201
2025-01-28 12:27:26,121 - basicLogger - INFO - Received event report_ship_arrived with trace id a791eeac-b971-495e-9d9f-962363a4be83
2025-01-28 12:27:26,135 - basicLogger - INFO - Response for event report_ship_arrived (id:6138004) has status 201
2025-01-28 12:27:26,143 - basicLogger - INFO - Received event report_container_processed with trace id 3db23eeb-8458-426d-9093-07a08596f827
2025-01-28 12:27:26,219 - basicLogger - INFO - Response for event report_container_processed (id:6549139) has status 201
2025-01-28 12:27:26,226 - basicLogger - INFO - Received event report_ship_arrived with trace id bc3f0029-ba98-4a90-a033-40917caeee15
2025-01-28 12:27:26,354 - basicLogger - INFO - Response for event report_ship_arrived (id:8668684) has status 201
2025-01-28 12:27:26,360 - basicLogger - INFO - Received event report_container_processed with trace id 556d55db-3e6d-44ed-bc5d-4e33ff10af89
2025-01-28 12:27:26,422 - basicLogger - INFO - Response for event report_container_processed (id:518900) has status 201
2025-01-28 12:27:26,431 - basicLogger - INFO - Received event report_ship_arrived with trace id ea475c82-590a-4836-a5b5-c5993a470a6b
2025-01-28 12:27:26,443 - basicLogger - INFO - Response for event report_ship_arrived (id:6468334) has status 201
2025-01-28 12:27:26,450 - basicLogger - INFO - Received event report_container_processed with trace id fb2e9afc-af13-4105-82c4-eaf0488217d1
2025-01-28 12:27:26,492 - basicLogger - INFO - Response for event report_container_processed (id:348951) has status 201
2025-01-28 12:27:26,498 - basicLogger - INFO - Received event report_ship_arrived with trace id 31e97f13-0b32-4eaa-b796-6a9f344403e6
2025-01-28 12:27:26,509 - basicLogger - INFO - Response for event report_ship_arrived (id:2637854) has status 201
2025-01-28 12:27:26,517 - basicLogger - INFO - Received event report_container_processed with trace id d35c5e96-a24c-48d8-b62a-7d6737c53897
2025-01-28 12:27:26,690 - basicLogger - INFO - Response for event report_container_processed (id:3033970) has status 201
2025-01-28 12:27:26,699 - basicLogger - INFO - Received event report_ship_arrived with trace id be3a3902-abdf-4f0e-9e76-cae56c32e63f
2025-01-28 12:27:26,726 - basicLogger - INFO - Response for event report_ship_arrived (id:4692263) has status 201
2025-01-28 12:27:26,732 - basicLogger - INFO - Received event report_container_processed with trace id 6652cb28-9d34-4b3f-ab60-0f6ac38641d9
2025-01-28 12:27:26,783 - basicLogger - INFO - Response for event report_ship_arrived (id:6573766) has status 201
2025-01-28 12:27:26,790 - basicLogger - INFO - Received event report_container_processed with trace id 77b0a478-6832-4674-9513-98dcc9156f1b
2025-01-28 12:27:26,811 - basicLogger - INFO - Response for event report_container_processed (id:9536389) has status 201
2025-01-28 12:27:26,817 - basicLogger - INFO - Received event report_ship_arrived with trace id 05d87eba-8aac-41cb-90f8-b9e449199443
2025-01-28 12:27:26,831 - basicLogger - INFO - Response for event report_container_processed (id:4901369) has status 201
2025-01-28 12:27:26,838 - basicLogger - INFO - Received event report_ship_arrived with trace id 0c295190-a8cd-4559-81da-5c6a13dbd10e
2025-01-28 12:27:27,017 - basicLogger - INFO - Response for event report_ship_arrived (id:6451249) has status 201
2025-01-28 12:27:27,025 - basicLogger - INFO - Received event report_container_processed with trace id b2387e2c-d26d-4dfe-8914-6abf5c072426
2025-01-28 12:27:27,065 - basicLogger - INFO - Response for event report_container_processed (id:4978292) has status 201
2025-01-28 12:27:27,073 - basicLogger - INFO - Received event report_ship_arrived with trace id f207f0d4-0234-462e-a4f9-86e5bbe1d8c4
2025-01-28 12:27:27,084 - basicLogger - INFO - Response for event report_container_processed (id:2369574) has status 201
2025-01-28 12:27:27,094 - basicLogger - INFO - Received event report_ship_arrived with trace id 846c81ec-360e-4ce1-8eaa-fa79687515de
2025-01-28 12:27:27,106 - basicLogger - INFO - Response for event report_ship_arrived (id:8310393) has status 201
2025-01-28 12:27:27,113 - basicLogger - INFO - Received event report_container_processed with trace id 54ea39d4-7788-498b-8d3b-e33cac9b3b47
2025-01-28 12:27:27,125 - basicLogger - INFO - Response for event report_ship_arrived (id:8234989) has status 201
2025-01-28 12:27:27,131 - basicLogger - INFO - Received event report_container_processed with trace id 587bb2af-c2fb-4ba4-a0cf-5ed67b8f08af
2025-01-28 12:27:27,344 - basicLogger - INFO - Response for event report_container_processed (id:2745687) has status 201
2025-01-28 12:27:27,351 - basicLogger - INFO - Received event report_ship_arrived with trace id a7a67b26-db43-4d62-abd6-2d7c5db938e4
2025-01-28 12:27:27,406 - basicLogger - INFO - Response for event report_ship_arrived (id:7881464) has status 201
2025-01-28 12:27:27,414 - basicLogger - INFO - Received event report_container_processed with trace id ed22b2ca-a8e2-48dc-99a3-51288d145b39
2025-01-28 12:27:27,422 - basicLogger - INFO - Response for event report_ship_arrived (id:4140367) has status 201
2025-01-28 12:27:27,430 - basicLogger - INFO - Received event report_container_processed with trace id 48322487-34c8-473e-8686-e131796621fc
2025-01-28 12:27:27,444 - basicLogger - INFO - Response for event report_container_processed (id:7966704) has status 201
2025-01-28 12:27:27,451 - basicLogger - INFO - Received event report_ship_arrived with trace id f5815c38-7c96-44e6-af6b-05f1ff9e526d
2025-01-28 12:27:27,471 - basicLogger - INFO - Response for event report_container_processed (id:1283329) has status 201
2025-01-28 12:27:27,619 - basicLogger - INFO - Response for event report_ship_arrived (id:6609109) has status 201
2025-01-28 12:27:27,626 - basicLogger - INFO - Received event report_container_processed with trace id 2487a1be-d0ae-43f5-ba10-6665be74d6ff
2025-01-28 12:27:27,690 - basicLogger - INFO - Response for event report_container_processed (id:9002381) has status 201
2025-01-28 12:27:27,705 - basicLogger - INFO - Response for event report_container_processed (id:2119395) has status 201
2025-01-28 12:27:27,712 - basicLogger - INFO - Received event report_ship_arrived with trace id 740ea783-9d5e-4607-a3c1-7668d0b368ee
2025-01-28 12:27:27,721 - basicLogger - INFO - Response for event report_ship_arrived (id:5756225) has status 201
2025-01-28 12:27:27,729 - basicLogger - INFO - Received event report_container_processed with trace id af122a41-14a9-48cc-a5c0-710298a07333
2025-01-28 12:27:27,841 - basicLogger - INFO - Response for event report_container_processed (id:9399297) has status 201
2025-01-28 12:27:27,915 - basicLogger - INFO - Response for event report_ship_arrived (id:1687977) has status 201
2025-01-28 12:27:27,921 - basicLogger - INFO - Received event report_container_processed with trace id eee88308-6e05-429d-8f89-4b6c7aef36d9
2025-01-28 12:27:27,931 - basicLogger - INFO - Response for event report_container_processed (id:8712285) has status 201
2025-01-28 12:27:28,070 - basicLogger - INFO - Response for event report_container_processed (id:6230274) has status 201
2025-01-28 12:46:37,126 - basicLogger - INFO - Received event report_ship_arrived with trace id f96b4211-0487-4c2f-ad9c-dee12158d65b
2025-01-28 12:46:37,322 - basicLogger - INFO - Received event report_ship_arrived with trace id c758fc2c-4060-4b50-af77-81b3f57d5b4c
2025-01-28 12:46:37,359 - basicLogger - INFO - Response for event report_ship_arrived (id:6950086) has status 201
2025-01-28 12:46:37,382 - basicLogger - INFO - Received event report_ship_arrived with trace id 92391315-26fe-4e87-8bd6-3df1dc874d10
2025-01-28 12:46:37,502 - basicLogger - INFO - Response for event report_ship_arrived (id:1408160) has status 201
2025-01-28 12:46:37,511 - basicLogger - INFO - Received event report_ship_arrived with trace id e7c9090d-b5b8-40c4-9b84-6f5be9647209
2025-01-28 12:46:37,523 - basicLogger - INFO - Received event report_ship_arrived with trace id f9cbd2c0-fb08-41c3-a96d-8403cd4f5929
2025-01-28 12:46:37,559 - basicLogger - INFO - Response for event report_ship_arrived (id:8749054) has status 201
2025-01-28 12:46:37,569 - basicLogger - INFO - Received event report_ship_arrived with trace id 4af2b0b7-e9a6-4f49-a89b-de7d05542575
2025-01-28 12:46:37,727 - basicLogger - INFO - Received event report_ship_arrived with trace id 71480f7f-7fa2-4ab8-a4fd-b985bf5ffab8
2025-01-28 12:46:37,731 - basicLogger - INFO - Response for event report_ship_arrived (id:6464939) has status 201
2025-01-28 12:46:37,745 - basicLogger - INFO - Received event report_ship_arrived with trace id 99f507f7-99fc-4c01-a0a9-0f5059921f93
2025-01-28 12:46:37,764 - basicLogger - INFO - Response for event report_ship_arrived (id:6759577) has status 201
2025-01-28 12:46:37,775 - basicLogger - INFO - Received event report_ship_arrived with trace id e8638225-1459-45c8-b233-1770a4a64977
2025-01-28 12:46:37,787 - basicLogger - INFO - Response for event report_ship_arrived (id:8510258) has status 201
2025-01-28 12:46:37,799 - basicLogger - INFO - Received event report_ship_arrived with trace id 3562be97-58a1-4483-871f-76f9469c5bde
2025-01-28 12:46:37,931 - basicLogger - INFO - Received event report_ship_arrived with trace id e5df9420-1876-489e-9d10-72de133cf241
2025-01-28 12:46:38,011 - basicLogger - INFO - Response for event report_ship_arrived (id:2356206) has status 201
2025-01-28 12:46:38,024 - basicLogger - INFO - Received event report_ship_arrived with trace id 16c65079-73a0-4672-98ca-2b7f4e563b4a
2025-01-28 12:46:38,030 - basicLogger - INFO - Response for event report_ship_arrived (id:4144426) has status 201
2025-01-28 12:46:38,042 - basicLogger - INFO - Received event report_ship_arrived with trace id 8ddfca7a-cddb-42e2-8fc5-74aa13426f30
2025-01-28 12:46:38,062 - basicLogger - INFO - Response for event report_ship_arrived (id:5996768) has status 201
2025-01-28 12:46:38,073 - basicLogger - INFO - Received event report_ship_arrived with trace id 76829a24-1b77-4e6d-aaf2-3593f39035ac
2025-01-28 12:46:38,089 - basicLogger - INFO - Response for event report_ship_arrived (id:2172074) has status 201
2025-01-28 12:46:38,101 - basicLogger - INFO - Received event report_ship_arrived with trace id 5ac0fd77-a950-4a3e-b78f-753828b3fc10
2025-01-28 12:46:38,237 - basicLogger - INFO - Response for event report_ship_arrived (id:9163756) has status 201
2025-01-28 12:46:38,248 - basicLogger - INFO - Received event report_ship_arrived with trace id 08577fce-2ceb-4aef-82c8-63200ac20982
2025-01-28 12:46:38,328 - basicLogger - INFO - Response for event report_ship_arrived (id:3250614) has status 201
2025-01-28 12:46:38,342 - basicLogger - INFO - Received event report_ship_arrived with trace id 1eb88826-41ea-4a4b-9a48-1731db216fab
2025-01-28 12:46:38,355 - basicLogger - INFO - Response for event report_ship_arrived (id:9367991) has status 201
2025-01-28 12:46:38,368 - basicLogger - INFO - Received event report_ship_arrived with trace id 11bcf198-b897-4a7a-ba6c-061f5af2b195
2025-01-28 12:46:38,383 - basicLogger - INFO - Response for event report_ship_arrived (id:985829) has status 201
2025-01-28 12:46:38,394 - basicLogger - INFO - Received event report_ship_arrived with trace id 5ada320c-3785-445a-9ee8-f336641a641b
2025-01-28 12:46:38,397 - basicLogger - INFO - Response for event report_ship_arrived (id:3589981) has status 201
2025-01-28 12:46:38,505 - basicLogger - INFO - Response for event report_ship_arrived (id:506197) has status 201
2025-01-28 12:46:38,535 - basicLogger - INFO - Received event report_ship_arrived with trace id ba4860ca-7f17-4b2e-8ce8-5ef2ae038ce8
2025-01-28 12:46:38,670 - basicLogger - INFO - Response for event report_ship_arrived (id:7269322) has status 201
2025-01-28 12:46:38,703 - basicLogger - INFO - Received event report_ship_arrived with trace id dbf981cf-4497-46f2-bd6a-b28f8a58817a
2025-01-28 12:46:38,705 - basicLogger - INFO - Response for event report_ship_arrived (id:2842293) has status 201
2025-01-28 12:46:38,739 - basicLogger - INFO - Response for event report_ship_arrived (id:8498582) has status 201
2025-01-28 12:46:38,749 - basicLogger - INFO - Received event report_ship_arrived with trace id 2ac9a6b8-f263-47c9-a3f8-9c8f7baf78ba
2025-01-28 12:46:38,790 - basicLogger - INFO - Response for event report_ship_arrived (id:4340794) has status 201
2025-01-28 12:46:38,801 - basicLogger - INFO - Received event report_ship_arrived with trace id e5bf4dbc-3669-4ab8-afaf-96824e1d8558
2025-01-28 12:46:38,905 - basicLogger - INFO - Response for event report_ship_arrived (id:2065052) has status 201
2025-01-28 12:46:38,915 - basicLogger - INFO - Received event report_ship_arrived with trace id e31f2515-aab7-4aa5-a1a4-6f1129b3af84
2025-01-28 12:46:38,951 - basicLogger - INFO - Response for event report_ship_arrived (id:2190742) has status 201
2025-01-28 12:46:39,013 - basicLogger - INFO - Response for event report_ship_arrived (id:9827958) has status 201
2025-01-28 12:46:39,024 - basicLogger - INFO - Received event report_ship_arrived with trace id d5d6b68a-7c2e-4d06-ab1f-f0c527e8fc51
2025-01-28 12:46:39,098 - basicLogger - INFO - Response for event report_ship_arrived (id:4383016) has status 201
2025-01-28 12:46:39,183 - basicLogger - INFO - Response for event report_ship_arrived (id:8834275) has status 201
2025-01-28 12:47:46,267 - basicLogger - INFO - Received event report_ship_arrived with trace id 5dcce0fe-26b0-42c5-a498-be631d96dc0c
2025-01-28 12:47:46,464 - basicLogger - INFO - Received event report_ship_arrived with trace id 783cf76d-8d61-41b9-8364-054a0b5ee507
2025-01-28 12:47:46,506 - basicLogger - INFO - Response for event report_ship_arrived (id:4301890) has status 201
2025-01-28 12:47:46,513 - basicLogger - INFO - Received event report_container_processed with trace id e53dae66-0c38-4931-9250-f00fbaf0759d
2025-01-28 12:47:46,650 - basicLogger - INFO - Response for event report_ship_arrived (id:5380184) has status 201
2025-01-28 12:47:46,656 - basicLogger - INFO - Received event report_container_processed with trace id d5e8e729-8eee-4c95-8463-ee3c51876ac1
2025-01-28 12:47:46,671 - basicLogger - INFO - Received event report_ship_arrived with trace id e4c6fd8a-ef33-4535-b03f-da61d7b5c653
2025-01-28 12:47:46,707 - basicLogger - INFO - Response for event report_container_processed (id:930211) has status 201
2025-01-28 12:47:46,714 - basicLogger - INFO - Received event report_ship_arrived with trace id a32d7de6-44ec-4737-a94a-ceca9aeba379
2025-01-28 12:47:46,869 - basicLogger - INFO - Received event report_ship_arrived with trace id cd336bf0-1062-4ad7-9aed-80dbf24ce57a
2025-01-28 12:47:46,895 - basicLogger - INFO - Response for event report_container_processed (id:5328934) has status 201
2025-01-28 12:47:46,903 - basicLogger - INFO - Received event report_ship_arrived with trace id 5daf7638-3edb-49af-bd8d-32a12f41c7aa
2025-01-28 12:47:46,922 - basicLogger - INFO - Response for event report_ship_arrived (id:926239) has status 201
2025-01-28 12:47:46,929 - basicLogger - INFO - Received event report_container_processed with trace id 9d8a6549-1662-4021-818b-40c2afc68905
2025-01-28 12:47:46,944 - basicLogger - INFO - Response for event report_ship_arrived (id:308421) has status 201
2025-01-28 12:47:46,952 - basicLogger - INFO - Received event report_container_processed with trace id c0b17077-5fd5-4bff-8ea8-7b1e2ad7f06f
2025-01-28 12:47:47,084 - basicLogger - INFO - Received event report_ship_arrived with trace id 33db4caa-2d20-44d0-9828-76a3dc117590
2025-01-28 12:47:47,153 - basicLogger - INFO - Response for event report_ship_arrived (id:7326658) has status 201
2025-01-28 12:47:47,161 - basicLogger - INFO - Received event report_container_processed with trace id 322669ad-fa6e-495b-8a22-3c4c4a341738
2025-01-28 12:47:47,197 - basicLogger - INFO - Response for event report_ship_arrived (id:4732073) has status 201
2025-01-28 12:47:47,204 - basicLogger - INFO - Received event report_container_processed with trace id 0000f644-642b-4d9c-b6a5-cd86ebc55d02
2025-01-28 12:47:47,273 - basicLogger - INFO - Response for event report_container_processed (id:2151143) has status 201
2025-01-28 12:47:47,298 - basicLogger - INFO - Received event report_ship_arrived with trace id 1a29339a-e183-4be3-a3fe-e346b32c8efc
2025-01-28 12:47:47,326 - basicLogger - INFO - Response for event report_container_processed (id:5317449) has status 201
2025-01-28 12:47:47,339 - basicLogger - INFO - Received event report_ship_arrived with trace id c9945bb0-7368-4d10-a322-15c6d7fe3c63
2025-01-28 12:47:47,435 - basicLogger - INFO - Response for event report_ship_arrived (id:4577550) has status 201
2025-01-28 12:47:47,442 - basicLogger - INFO - Received event report_container_processed with trace id a60d11ba-2901-4b48-802d-08b09a4ccdd1
2025-01-28 12:47:47,458 - basicLogger - INFO - Response for event report_container_processed (id:3905017) has status 201
2025-01-28 12:47:47,466 - basicLogger - INFO - Received event report_ship_arrived with trace id 7c95888c-7515-4811-be0a-8b1bc4fe7319
2025-01-28 12:47:47,596 - basicLogger - INFO - Response for event report_container_processed (id:2117969) has status 201
2025-01-28 12:47:47,604 - basicLogger - INFO - Received event report_ship_arrived with trace id 773141a3-d582-488b-a89a-2a590ba341ab
2025-01-28 12:47:47,640 - basicLogger - INFO - Response for event report_ship_arrived (id:5472561) has status 201
2025-01-28 12:47:47,647 - basicLogger - INFO - Received event report_container_processed with trace id e35b2741-4f98-41bd-aff6-acbf673d635f
2025-01-28 12:47:47,660 - basicLogger - INFO - Response for event report_ship_arrived (id:194669) has status 201
2025-01-28 12:47:47,667 - basicLogger - INFO - Received event report_container_processed with trace id 397399d6-72c6-4bc3-ac08-34412f724ddf
2025-01-28 12:47:47,730 - basicLogger - INFO - Response for event report_container_processed (id:4809056) has status 201
2025-01-28 12:47:47,737 - basicLogger - INFO - Received event report_ship_arrived with trace id 28eb4938-c037-419b-9c03-ed8b0023fd6a
2025-01-28 12:47:47,753 - basicLogger - INFO - Response for event report_ship_arrived (id:213386) has status 201
2025-01-28 12:47:47,760 - basicLogger - INFO - Received event report_container_processed with trace id 52e8d016-91e5-44ba-815f-2bfdb69e023f
2025-01-28 12:47:47,903 - basicLogger - INFO - Response for event report_ship_arrived (id:5404782) has status 201
2025-01-28 12:47:47,910 - basicLogger - INFO - Received event report_container_processed with trace id ac0f7d03-7673-489d-81d8-f64a7cd05848
2025-01-28 12:47:47,965 - basicLogger - INFO - Response for event report_container_processed (id:6668593) has status 201
2025-01-28 12:47:47,973 - basicLogger - INFO - Received event report_ship_arrived with trace id 2e0a9ce2-c7ab-4642-90ef-4770f04dfb69
2025-01-28 12:47:48,001 - basicLogger - INFO - Response for event report_container_processed (id:4634154) has status 201
2025-01-28 12:47:48,009 - basicLogger - INFO - Received event report_ship_arrived with trace id 7eea7d36-91aa-47c6-8050-d2235272770d
2025-01-28 12:47:48,043 - basicLogger - INFO - Response for event report_ship_arrived (id:4065005) has status 201
2025-01-28 12:47:48,051 - basicLogger - INFO - Received event report_container_processed with trace id 6f0d4b8a-d8cd-4079-8939-753a190d577c
2025-01-28 12:47:48,063 - basicLogger - INFO - Response for event report_container_processed (id:2333389) has status 201
2025-01-28 12:47:48,074 - basicLogger - INFO - Received event report_ship_arrived with trace id 016e480d-9392-463e-912c-43d0b395a2c1
2025-01-28 12:47:48,180 - basicLogger - INFO - Response for event report_container_processed (id:985355) has status 201
2025-01-28 12:47:48,187 - basicLogger - INFO - Received event report_ship_arrived with trace id 3191004f-6a3a-4f69-8aeb-7ae1921b7b86
2025-01-28 12:47:48,296 - basicLogger - INFO - Response for event report_ship_arrived (id:9933910) has status 201
2025-01-28 12:47:48,303 - basicLogger - INFO - Received event report_container_processed with trace id b641f715-45e3-4695-ad8e-fca68cbda126
2025-01-28 12:47:48,323 - basicLogger - INFO - Response for event report_ship_arrived (id:6545457) has status 201
2025-01-28 12:47:48,330 - basicLogger - INFO - Received event report_container_processed with trace id 29198044-e595-4209-8ab5-2e72fbadac32
2025-01-28 12:47:48,347 - basicLogger - INFO - Response for event report_container_processed (id:72072) has status 201
2025-01-28 12:47:48,354 - basicLogger - INFO - Received event report_ship_arrived with trace id 5ea8a379-1d29-47f3-82c4-aee92a035ea4
2025-01-28 12:47:48,372 - basicLogger - INFO - Response for event report_ship_arrived (id:1179856) has status 201
2025-01-28 12:47:48,378 - basicLogger - INFO - Received event report_container_processed with trace id 7f741f22-9e61-4852-9afa-e378c40164eb
2025-01-28 12:47:48,497 - basicLogger - INFO - Response for event report_ship_arrived (id:6244805) has status 201
2025-01-28 12:47:48,503 - basicLogger - INFO - Received event report_container_processed with trace id f4aa1d8d-867a-44de-a4c6-959e246444f6
2025-01-28 12:47:48,638 - basicLogger - INFO - Response for event report_container_processed (id:6632344) has status 201
2025-01-28 12:47:48,648 - basicLogger - INFO - Received event report_ship_arrived with trace id b4ecfd81-1496-44df-b114-bea317377638
2025-01-28 12:47:48,662 - basicLogger - INFO - Response for event report_container_processed (id:3899716) has status 201
2025-01-28 12:47:48,669 - basicLogger - INFO - Received event report_ship_arrived with trace id 0bafddc3-084b-428d-8511-0515efbdf7e5
2025-01-28 12:47:48,697 - basicLogger - INFO - Response for event report_ship_arrived (id:3363259) has status 201
2025-01-28 12:47:48,703 - basicLogger - INFO - Received event report_container_processed with trace id 4b78738c-0858-4f45-b0a5-dbdc7c61da46
2025-01-28 12:47:48,714 - basicLogger - INFO - Response for event report_container_processed (id:2743732) has status 201
2025-01-28 12:47:48,721 - basicLogger - INFO - Received event report_ship_arrived with trace id d9696737-723b-43da-bb46-d70aba362344
2025-01-28 12:47:48,768 - basicLogger - INFO - Response for event report_container_processed (id:5453345) has status 201
2025-01-28 12:47:48,774 - basicLogger - INFO - Received event report_ship_arrived with trace id 52688d21-8773-4748-bf0b-7084b21f4adf
2025-01-28 12:47:49,020 - basicLogger - INFO - Response for event report_ship_arrived (id:585557) has status 201
2025-01-28 12:47:49,029 - basicLogger - INFO - Received event report_container_processed with trace id 823bef2b-2e77-4772-b9cf-5267497cb797
2025-01-28 12:47:49,052 - basicLogger - INFO - Response for event report_ship_arrived (id:1286212) has status 201
2025-01-28 12:47:49,065 - basicLogger - INFO - Received event report_container_processed with trace id 3970d92b-3102-45c0-a910-a072f46d847f
2025-01-28 12:47:49,084 - basicLogger - INFO - Response for event report_container_processed (id:8194288) has status 201
2025-01-28 12:47:49,091 - basicLogger - INFO - Received event report_ship_arrived with trace id 11ab8dc7-a6d9-4042-83fc-cc27d53d461e
2025-01-28 12:47:49,106 - basicLogger - INFO - Response for event report_ship_arrived (id:4968850) has status 201
2025-01-28 12:47:49,113 - basicLogger - INFO - Received event report_container_processed with trace id 7a95bb51-f90f-431f-a207-680e01fe0cb6
2025-01-28 12:47:49,127 - basicLogger - INFO - Response for event report_ship_arrived (id:6694730) has status 201
2025-01-28 12:47:49,135 - basicLogger - INFO - Received event report_container_processed with trace id 755be40a-2427-4a80-a57c-169a9309d047
2025-01-28 12:47:49,301 - basicLogger - INFO - Response for event report_container_processed (id:9297344) has status 201
2025-01-28 12:47:49,312 - basicLogger - INFO - Received event report_ship_arrived with trace id 13d4f1fe-2b61-48f4-94fa-b67388db2602
2025-01-28 12:47:49,356 - basicLogger - INFO - Response for event report_container_processed (id:3554943) has status 201
2025-01-28 12:47:49,421 - basicLogger - INFO - Response for event report_ship_arrived (id:9808737) has status 201
2025-01-28 12:47:49,426 - basicLogger - INFO - Received event report_container_processed with trace id 910bf380-4e10-43fb-bca2-818444bf48d0
2025-01-28 12:47:49,442 - basicLogger - INFO - Response for event report_container_processed (id:6425653) has status 201
2025-01-28 12:47:49,461 - basicLogger - INFO - Response for event report_container_processed (id:9922363) has status 201
2025-01-28 12:47:49,468 - basicLogger - INFO - Received event report_ship_arrived with trace id d461de5c-a139-4beb-8390-9bb6c0e0380e
2025-01-28 12:47:49,540 - basicLogger - INFO - Response for event report_ship_arrived (id:7535494) has status 201
2025-01-28 12:47:49,546 - basicLogger - INFO - Received event report_container_processed with trace id f57c03f9-f64c-4ddd-8c4f-54c1506ff458
2025-01-28 12:47:49,657 - basicLogger - INFO - Response for event report_container_processed (id:5410129) has status 201
2025-01-28 12:47:49,664 - basicLogger - INFO - Received event report_ship_arrived with trace id 3af6679f-52d2-4e16-9fc9-2284262bcec2
2025-01-28 12:47:49,681 - basicLogger - INFO - Response for event report_ship_arrived (id:8530121) has status 201
2025-01-28 12:47:49,688 - basicLogger - INFO - Received event report_container_processed with trace id 2604c5fa-7fe8-44fa-877f-c93384b55214
2025-01-28 12:47:49,765 - basicLogger - INFO - Response for event report_container_processed (id:1519712) has status 201
2025-01-28 12:47:49,872 - basicLogger - INFO - Response for event report_ship_arrived (id:2701797) has status 201
2025-01-28 12:47:49,878 - basicLogger - INFO - Received event report_container_processed with trace id 3d861a2e-1887-4f75-b9bc-b23294ef3f51
2025-01-28 12:47:49,890 - basicLogger - INFO - Response for event report_container_processed (id:6716854) has status 201
2025-01-28 12:47:50,031 - basicLogger - INFO - Response for event report_container_processed (id:9839106) has status 201
