2025-01-28 12:11:05,099 - basicLogger - DEBUG - Stored event report_ship_arrived with trace id of 599e1261-1376-4014-b3b5-fe66e9db8cbe
2025-01-28 12:11:05,254 - basicLogger - DEBUG - Stored event report_ship_arrived with trace id of 9b743f9f-7967-4a0d-898a-6ec578c005fa
2025-01-28 12:11:05,308 - basicLogger - DEBUG - Stored event report_container_processed with trace id of e014bcda-ab3b-40be-b974-42f1fa94e9e9
2025-01-28 12:11:05,477 - basicLogger - DEBUG - Stored event report_container_processed with trace id of 2625887b-855b-4e6a-a327-af27df0d758a
2025-01-28 12:11:05,497 - basicLogger - DEBUG - Stored event report_ship_arrived with trace id of c18abfec-fc51-4394-9513-6d43d7f2b8b0
2025-01-28 12:11:05,554 - basicLogger - DEBUG - Stored event report_ship_arrived with trace id of 55276d35-cc13-4191-a6cd-068a9a683741
2025-01-28 12:11:05,823 - basicLogger - DEBUG - Stored event report_ship_arrived with trace id of bc996022-b95f-47dd-90dc-33f34a0d960b
2025-01-28 12:11:05,844 - basicLogger - DEBUG - Stored event report_ship_arrived with trace id of b2d921d9-868a-4bd5-a164-2baffe59d3ad
2025-01-28 12:11:05,871 - basicLogger - DEBUG - Stored event report_container_processed with trace id of a5a0878e-a4f5-433a-92f6-6c661341d6ba
2025-01-28 12:11:05,896 - basicLogger - DEBUG - Stored event report_container_processed with trace id of e960378d-8b33-4ee1-9a4e-3592f2975545
2025-01-28 12:11:05,946 - basicLogger - DEBUG - Stored event report_ship_arrived with trace id of b6c4d523-88df-4f4d-97af-fb7adcafeb62
2025-01-28 12:11:06,140 - basicLogger - DEBUG - Stored event report_container_processed with trace id of 3dfc43b5-ecba-4e70-9298-c704d419d8a4
2025-01-28 12:11:06,180 - basicLogger - DEBUG - Stored event report_container_processed with trace id of 4e72a253-1acb-4c24-8a46-5912206423c7
2025-01-28 12:11:06,238 - basicLogger - DEBUG - Stored event report_ship_arrived with trace id of 61a574f1-efd9-40b3-bc69-705fe16036ec
2025-01-28 12:11:06,255 - basicLogger - DEBUG - Stored event report_container_processed with trace id of 8139eed9-cd14-410f-95f9-51b514b7a2ff
2025-01-28 12:11:06,255 - basicLogger - DEBUG - Stored event report_ship_arrived with trace id of ec0c04a2-6ef2-4e8a-a48a-56dab2f29a83
2025-01-28 12:11:06,440 - basicLogger - DEBUG - Stored event report_ship_arrived with trace id of d6f0e171-c023-4b77-aa73-ec4043ad1cef
2025-01-28 12:11:06,488 - basicLogger - DEBUG - Stored event report_ship_arrived with trace id of 7fe88c2a-481d-421e-95b3-816fbbbbe87e
2025-01-28 12:11:06,566 - basicLogger - DEBUG - Stored event report_ship_arrived with trace id of 69d9c254-9dd3-4539-bda7-f23823ccd7d8
2025-01-28 12:11:06,583 - basicLogger - DEBUG - Stored event report_container_processed with trace id of 1dfba8cf-bdfb-42a8-affd-5a00281b51cb
2025-01-28 12:11:06,612 - basicLogger - DEBUG - Stored event report_container_processed with trace id of c9cf12f6-e379-407c-96ac-540d1b7ef4ae
2025-01-28 12:11:06,725 - basicLogger - DEBUG - Stored event report_container_processed with trace id of 08af398d-09c0-4f46-8f35-217a5b3d396b
2025-01-28 12:11:06,774 - basicLogger - DEBUG - Stored event report_container_processed with trace id of 8f3a4a6d-e322-4b20-989a-73a0b16aeb9f
2025-01-28 12:11:06,867 - basicLogger - DEBUG - Stored event report_container_processed with trace id of a14485e8-40b3-4365-a2a7-4c07c3a9e361
2025-01-28 12:11:06,884 - basicLogger - DEBUG - Stored event report_ship_arrived with trace id of eeb0df4a-df9e-4c0e-a53b-1af3efd50e0e
2025-01-28 12:11:06,908 - basicLogger - DEBUG - Stored event report_ship_arrived with trace id of 8daf70ed-7938-4c4c-9cba-d7ad766fe38b
2025-01-28 12:11:07,073 - basicLogger - DEBUG - Stored event report_ship_arrived with trace id of 5a8ff436-f437-4e63-b699-6334e57ce3c8
2025-01-28 12:11:07,090 - basicLogger - DEBUG - Stored event report_ship_arrived with trace id of 0986fd46-4d03-4f9c-9bde-3aa20ab0523d
2025-01-28 12:11:07,184 - basicLogger - DEBUG - Stored event report_ship_arrived with trace id of 827238f7-dcdc-4f6f-87ac-0fc418eee7d8
2025-01-28 12:11:07,203 - basicLogger - DEBUG - Stored event report_container_processed with trace id of 2b8007f5-9f00-4b5b-8575-9c6ff1848468
2025-01-28 12:11:07,228 - basicLogger - DEBUG - Stored event report_container_processed with trace id of 68786bd5-4946-4ac8-aeb3-c244d2d68ab8
2025-01-28 12:11:07,418 - basicLogger - DEBUG - Stored event report_container_processed with trace id of 9d2f9c18-0083-4652-91a8-524c7c2a3117
2025-01-28 12:11:07,468 - basicLogger - DEBUG - Stored event report_container_processed with trace id of 93adefcd-47aa-40ef-806e-84cc6098814f
2025-01-28 12:11:07,488 - basicLogger - DEBUG - Stored event report_container_processed with trace id of 4381bab3-9b07-43ee-a166-7b62600344c2
2025-01-28 12:11:07,542 - basicLogger - DEBUG - Stored event report_ship_arrived with trace id of e638d23f-22fd-4694-9c53-35ff122583c3
2025-01-28 12:11:07,559 - basicLogger - DEBUG - Stored event report_ship_arrived with trace id of ec6e7b80-9897-4ea4-95c9-24371ab0340b
2025-01-28 12:11:07,726 - basicLogger - DEBUG - Stored event report_ship_arrived with trace id of 2d33edc3-e7f9-4789-9238-0d1effd51929
2025-01-28 12:11:07,779 - basicLogger - DEBUG - Stored event report_ship_arrived with trace id of e8be48ad-68b0-45af-80da-f9006ef3dcad
2025-01-28 12:11:07,825 - basicLogger - DEBUG - Stored event report_ship_arrived with trace id of d3e352a4-e4c1-45d7-af28-a898d498a493
2025-01-28 12:11:07,867 - basicLogger - DEBUG - Stored event report_container_processed with trace id of e5093a61-a7be-4103-b39f-62aa754953de
2025-01-28 12:11:07,884 - basicLogger - DEBUG - Stored event report_container_processed with trace id of 199cbab1-75f3-453e-8f2a-c8a2e47f6d5e
2025-01-28 12:11:07,999 - basicLogger - DEBUG - Stored event report_container_processed with trace id of 294a8134-c1f5-4ca8-8ba2-560a49ed774c
2025-01-28 12:11:08,055 - basicLogger - DEBUG - Stored event report_container_processed with trace id of de8b83bc-eaf4-4e47-bbae-74b96fd6a57b
2025-01-28 12:11:08,099 - basicLogger - DEBUG - Stored event report_container_processed with trace id of b1aba3dd-19a7-4574-a1fc-316f0de2d841
2025-01-28 12:11:08,131 - basicLogger - DEBUG - Stored event report_ship_arrived with trace id of 1d8b43d0-86a3-4b03-9fa8-70e4d56771d3
2025-01-28 12:11:08,287 - basicLogger - DEBUG - Stored event report_ship_arrived with trace id of 2a376ac8-0d9e-40f0-8a61-ced92fe850db
2025-01-28 12:11:08,329 - basicLogger - DEBUG - Stored event report_ship_arrived with trace id of 6f2942b2-c7d0-44d4-830e-b6e6a52e40b9
2025-01-28 12:11:08,384 - basicLogger - DEBUG - Stored event report_container_processed with trace id of 1955ebbc-ab37-49a2-ac0b-4ec89710bc4d
2025-01-28 12:11:08,488 - basicLogger - DEBUG - Stored event report_container_processed with trace id of ee3fa23c-8e52-46cb-8900-f8024ed7dd67
2025-01-28 12:11:08,528 - basicLogger - DEBUG - Stored event report_container_processed with trace id of 762835fb-6ab3-4fe0-a52e-9f000cd2bd47
2025-01-28 12:27:24,695 - basicLogger - DEBUG - Stored event report_ship_arrived with trace id of 2a0a8e4a-5fd4-4001-bd54-335b83ffc846
2025-01-28 12:27:24,842 - basicLogger - DEBUG - Stored event report_ship_arrived with trace id of d9cc671f-83e5-4053-b912-87b964106551
2025-01-28 12:27:24,896 - basicLogger - DEBUG - Stored event report_container_processed with trace id of d8468699-93d7-4f59-8415-06830d55b91f
2025-01-28 12:27:25,101 - basicLogger - DEBUG - Stored event report_ship_arrived with trace id of 74fba456-a449-4f5b-b3c0-19842bd3ba5b
2025-01-28 12:27:25,143 - basicLogger - DEBUG - Stored event report_container_processed with trace id of c226d769-b79d-4230-82de-da94a8905a3f
2025-01-28 12:27:25,161 - basicLogger - DEBUG - Stored event report_ship_arrived with trace id of c2c6019d-8fd9-4db6-bfd0-581be46c59e8
2025-01-28 12:27:25,339 - basicLogger - DEBUG - Stored event report_ship_arrived with trace id of 8edaf19e-8390-41ef-8d4f-f132974237d4
2025-01-28 12:27:25,395 - basicLogger - DEBUG - Stored event report_container_processed with trace id of 1deb1350-9785-485d-b946-5f69ff8aab0b
2025-01-28 12:27:25,429 - basicLogger - DEBUG - Stored event report_ship_arrived with trace id of 44cd65ea-f1f9-406d-8889-7bd80cd59313
2025-01-28 12:27:25,493 - basicLogger - DEBUG - Stored event report_container_processed with trace id of 3d3b7bac-27db-4458-b8e6-a4cdf700a5ce
2025-01-28 12:27:25,540 - basicLogger - DEBUG - Stored event report_ship_arrived with trace id of a322168c-df76-4e68-bc21-484c555792ab
2025-01-28 12:27:25,657 - basicLogger - DEBUG - Stored event report_container_processed with trace id of 23fa28a2-7e8c-4e61-b0af-0f5abaaf36f1
2025-01-28 12:27:25,730 - basicLogger - DEBUG - Stored event report_ship_arrived with trace id of 69484911-4f5d-4b95-a680-0edc11abca2e
2025-01-28 12:27:25,747 - basicLogger - DEBUG - Stored event report_container_processed with trace id of 14deb3c8-5cc4-4631-bc6e-3acf60bec1e4
2025-01-28 12:27:25,787 - basicLogger - DEBUG - Stored event report_ship_arrived with trace id of 818358e3-0cf5-4805-93cc-f11e5b2dfc1c
2025-01-28 12:27:25,833 - basicLogger - DEBUG - Stored event report_container_processed with trace id of 33c84adf-d85a-48cc-8d12-6727870c8e2f
2025-01-28 12:27:25,944 - basicLogger - DEBUG - Stored event report_ship_arrived with trace id of 5110f8bc-271e-4c91-88a6-d6d1f3bff5ae
2025-01-28 12:27:26,038 - basicLogger - DEBUG - Stored event report_container_processed with trace id of 323b9355-550a-4a0b-92f0-e24d3e9dff47
2025-01-28 12:27:26,058 - basicLogger - DEBUG - Stored event report_ship_arrived with trace id of bb455b14-1fbd-47bb-b0ab-21ea62233609
2025-01-28 12:27:26,109 - basicLogger - DEBUG - Stored event report_container_processed with trace id of 523b1c6b-6e8b-4d85-90f1-171eb5cae34b
2025-01-28 12:27:26,131 - basicLogger - DEBUG - Stored event report_ship_arrived with trace id of 06b6c0c0-3eb1-4a90-8790-6618266ba27a
2025-01-28 12:27:26,214 - basicLogger - DEBUG - Stored event report_container_processed with trace id of 1b44d6c4-8654-4b70-b43c-3ee1c7fefc99
2025-01-28 12:27:26,350 - basicLogger - DEBUG - Stored event report_ship_arrived with trace id of ee16520c-a083-4647-89e1-0df4de2e4ce2
2025-01-28 12:27:26,416 - basicLogger - DEBUG - Stored event report_container_processed with trace id of 590ec296-19e2-4da3-b82f-435155d774f0
2025-01-28 12:27:26,433 - basicLogger - DEBUG - Stored event report_ship_arrived with trace id of a791eeac-b971-495e-9d9f-962363a4be83
2025-01-28 12:27:26,469 - basicLogger - DEBUG - Stored event report_container_processed with trace id of 3db23eeb-8458-426d-9093-07a08596f827
2025-01-28 12:27:26,503 - basicLogger - DEBUG - Stored event report_ship_arrived with trace id of bc3f0029-ba98-4a90-a033-40917caeee15
2025-01-28 12:27:26,684 - basicLogger - DEBUG - Stored event report_container_processed with trace id of 556d55db-3e6d-44ed-bc5d-4e33ff10af89
2025-01-28 12:27:26,721 - basicLogger - DEBUG - Stored event report_ship_arrived with trace id of ea475c82-590a-4836-a5b5-c5993a470a6b
2025-01-28 12:27:26,776 - basicLogger - DEBUG - Stored event report_ship_arrived with trace id of 31e97f13-0b32-4eaa-b796-6a9f344403e6
2025-01-28 12:27:26,806 - basicLogger - DEBUG - Stored event report_container_processed with trace id of fb2e9afc-af13-4105-82c4-eaf0488217d1
2025-01-28 12:27:26,827 - basicLogger - DEBUG - Stored event report_container_processed with trace id of d35c5e96-a24c-48d8-b62a-7d6737c53897
2025-01-28 12:27:27,011 - basicLogger - DEBUG - Stored event report_ship_arrived with trace id of be3a3902-abdf-4f0e-9e76-cae56c32e63f
2025-01-28 12:27:27,058 - basicLogger - DEBUG - Stored event report_container_processed with trace id of 6652cb28-9d34-4b3f-ab60-0f6ac38641d9
2025-01-28 12:27:27,080 - basicLogger - DEBUG - Stored event report_container_processed with trace id of 77b0a478-6832-4674-9513-98dcc9156f1b
2025-01-28 12:27:27,101 - basicLogger - DEBUG - Stored event report_ship_arrived with trace id of 05d87eba-8aac-41cb-90f8-b9e449199443
2025-01-28 12:27:27,120 - basicLogger - DEBUG - Stored event report_ship_arrived with trace id of 0c295190-a8cd-4559-81da-5c6a13dbd10e
2025-01-28 12:27:27,340 - basicLogger - DEBUG - Stored event report_container_processed with trace id of b2387e2c-d26d-4dfe-8914-6abf5c072426
2025-01-28 12:27:27,397 - basicLogger - DEBUG - Stored event report_ship_arrived with trace id of 846c81ec-360e-4ce1-8eaa-fa79687515de
2025-01-28 12:27:27,416 - basicLogger - DEBUG - Stored event report_ship_arrived with trace id of f207f0d4-0234-462e-a4f9-86e5bbe1d8c4
2025-01-28 12:27:27,438 - basicLogger - DEBUG - Stored event report_container_processed with trace id of 587bb2af-c2fb-4ba4-a0cf-5ed67b8f08af
2025-01-28 12:27:27,466 - basicLogger - DEBUG - Stored event report_container_processed with trace id of 54ea39d4-7788-498b-8d3b-e33cac9b3b47
2025-01-28 12:27:27,615 - basicLogger - DEBUG - Stored event report_ship_arrived with trace id of a7a67b26-db43-4d62-abd6-2d7c5db938e4
2025-01-28 12:27:27,685 - basicLogger - DEBUG - Stored event report_container_processed with trace id of 48322487-34c8-473e-8686-e131796621fc
2025-01-28 12:27:27,701 - basicLogger - DEBUG - Stored event report_container_processed with trace id of ed22b2ca-a8e2-48dc-99a3-51288d145b39
2025-01-28 12:27:27,716 - basicLogger - DEBUG - Stored event report_ship_arrived with trace id of f5815c38-7c96-44e6-af6b-05f1ff9e526d
2025-01-28 12:27:27,836 - basicLogger - DEBUG - Stored event report_container_processed with trace id of 2487a1be-d0ae-43f5-ba10-6665be74d6ff
2025-01-28 12:27:27,911 - basicLogger - DEBUG - Stored event report_ship_arrived with trace id of 740ea783-9d5e-4607-a3c1-7668d0b368ee
2025-01-28 12:27:27,927 - basicLogger - DEBUG - Stored event report_container_processed with trace id of af122a41-14a9-48cc-a5c0-710298a07333
2025-01-28 12:27:28,066 - basicLogger - DEBUG - Stored event report_container_processed with trace id of eee88308-6e05-429d-8f89-4b6c7aef36d9
2025-01-28 12:46:37,353 - basicLogger - DEBUG - Stored event report_ship_arrived with trace id of f96b4211-0487-4c2f-ad9c-dee12158d65b
2025-01-28 12:46:37,497 - basicLogger - DEBUG - Stored event report_ship_arrived with trace id of c758fc2c-4060-4b50-af77-81b3f57d5b4c
2025-01-28 12:46:37,551 - basicLogger - DEBUG - Stored event report_ship_arrived with trace id of 92391315-26fe-4e87-8bd6-3df1dc874d10
2025-01-28 12:46:37,726 - basicLogger - DEBUG - Stored event report_ship_arrived with trace id of e7c9090d-b5b8-40c4-9b84-6f5be9647209
2025-01-28 12:46:37,760 - basicLogger - DEBUG - Stored event report_ship_arrived with trace id of f9cbd2c0-fb08-41c3-a96d-8403cd4f5929
2025-01-28 12:46:37,783 - basicLogger - DEBUG - Stored event report_ship_arrived with trace id of 4af2b0b7-e9a6-4f49-a89b-de7d05542575
2025-01-28 12:46:38,005 - basicLogger - DEBUG - Stored event report_ship_arrived with trace id of 71480f7f-7fa2-4ab8-a4fd-b985bf5ffab8
2025-01-28 12:46:38,025 - basicLogger - DEBUG - Stored event report_ship_arrived with trace id of 99f507f7-99fc-4c01-a0a9-0f5059921f93
2025-01-28 12:46:38,053 - basicLogger - DEBUG - Stored event report_ship_arrived with trace id of e8638225-1459-45c8-b233-1770a4a64977
2025-01-28 12:46:38,084 - basicLogger - DEBUG - Stored event report_ship_arrived with trace id of 3562be97-58a1-4483-871f-76f9469c5bde
2025-01-28 12:46:38,232 - basicLogger - DEBUG - Stored event report_ship_arrived with trace id of e5df9420-1876-489e-9d10-72de133cf241
2025-01-28 12:46:38,321 - basicLogger - DEBUG - Stored event report_ship_arrived with trace id of 16c65079-73a0-4672-98ca-2b7f4e563b4a
2025-01-28 12:46:38,343 - basicLogger - DEBUG - Stored event report_ship_arrived with trace id of 8ddfca7a-cddb-42e2-8fc5-74aa13426f30
2025-01-28 12:46:38,376 - basicLogger - DEBUG - Stored event report_ship_arrived with trace id of 76829a24-1b77-4e6d-aaf2-3593f39035ac
2025-01-28 12:46:38,392 - basicLogger - DEBUG - Stored event report_ship_arrived with trace id of 5ac0fd77-a950-4a3e-b78f-753828b3fc10
2025-01-28 12:46:38,499 - basicLogger - DEBUG - Stored event report_ship_arrived with trace id of 08577fce-2ceb-4aef-82c8-63200ac20982
2025-01-28 12:46:38,644 - basicLogger - DEBUG - Stored event report_ship_arrived with trace id of 1eb88826-41ea-4a4b-9a48-1731db216fab
2025-01-28 12:46:38,683 - basicLogger - DEBUG - Stored event report_ship_arrived with trace id of 11bcf198-b897-4a7a-ba6c-061f5af2b195
2025-01-28 12:46:38,735 - basicLogger - DEBUG - Stored event report_ship_arrived with trace id of 5ada320c-3785-445a-9ee8-f336641a641b
2025-01-28 12:46:38,786 - basicLogger - DEBUG - Stored event report_ship_arrived with trace id of ba4860ca-7f17-4b2e-8ce8-5ef2ae038ce8
2025-01-28 12:46:38,902 - basicLogger - DEBUG - Stored event report_ship_arrived with trace id of dbf981cf-4497-46f2-bd6a-b28f8a58817a
2025-01-28 12:46:38,946 - basicLogger - DEBUG - Stored event report_ship_arrived with trace id of 2ac9a6b8-f263-47c9-a3f8-9c8f7baf78ba
2025-01-28 12:46:39,009 - basicLogger - DEBUG - Stored event report_ship_arrived with trace id of e5bf4dbc-3669-4ab8-afaf-96824e1d8558
2025-01-28 12:46:39,093 - basicLogger - DEBUG - Stored event report_ship_arrived with trace id of e31f2515-aab7-4aa5-a1a4-6f1129b3af84
2025-01-28 12:46:39,179 - basicLogger - DEBUG - Stored event report_ship_arrived with trace id of d5d6b68a-7c2e-4d06-ab1f-f0c527e8fc51
2025-01-28 12:47:46,499 - basicLogger - DEBUG - Stored event report_ship_arrived with trace id of 5dcce0fe-26b0-42c5-a498-be631d96dc0c
2025-01-28 12:47:46,646 - basicLogger - DEBUG - Stored event report_ship_arrived with trace id of 783cf76d-8d61-41b9-8364-054a0b5ee507
2025-01-28 12:47:46,702 - basicLogger - DEBUG - Stored event report_container_processed with trace id of e53dae66-0c38-4931-9250-f00fbaf0759d
2025-01-28 12:47:46,891 - basicLogger - DEBUG - Stored event report_container_processed with trace id of d5e8e729-8eee-4c95-8463-ee3c51876ac1
2025-01-28 12:47:46,917 - basicLogger - DEBUG - Stored event report_ship_arrived with trace id of e4c6fd8a-ef33-4535-b03f-da61d7b5c653
2025-01-28 12:47:46,939 - basicLogger - DEBUG - Stored event report_ship_arrived with trace id of a32d7de6-44ec-4737-a94a-ceca9aeba379
2025-01-28 12:47:47,149 - basicLogger - DEBUG - Stored event report_ship_arrived with trace id of cd336bf0-1062-4ad7-9aed-80dbf24ce57a
2025-01-28 12:47:47,192 - basicLogger - DEBUG - Stored event report_ship_arrived with trace id of 5daf7638-3edb-49af-bd8d-32a12f41c7aa
2025-01-28 12:47:47,248 - basicLogger - DEBUG - Stored event report_container_processed with trace id of 9d8a6549-1662-4021-818b-40c2afc68905
2025-01-28 12:47:47,319 - basicLogger - DEBUG - Stored event report_container_processed with trace id of c0b17077-5fd5-4bff-8ea8-7b1e2ad7f06f
2025-01-28 12:47:47,431 - basicLogger - DEBUG - Stored event report_ship_arrived with trace id of 33db4caa-2d20-44d0-9828-76a3dc117590
2025-01-28 12:47:47,454 - basicLogger - DEBUG - Stored event report_container_processed with trace id of 322669ad-fa6e-495b-8a22-3c4c4a341738
2025-01-28 12:47:47,571 - basicLogger - DEBUG - Stored event report_container_processed with trace id of 0000f644-642b-4d9c-b6a5-cd86ebc55d02
2025-01-28 12:47:47,636 - basicLogger - DEBUG - Stored event report_ship_arrived with trace id of c9945bb0-7368-4d10-a322-15c6d7fe3c63
2025-01-28 12:47:47,656 - basicLogger - DEBUG - Stored event report_ship_arrived with trace id of 1a29339a-e183-4be3-a3fe-e346b32c8efc
2025-01-28 12:47:47,725 - basicLogger - DEBUG - Stored event report_container_processed with trace id of a60d11ba-2901-4b48-802d-08b09a4ccdd1
2025-01-28 12:47:47,749 - basicLogger - DEBUG - Stored event report_ship_arrived with trace id of 7c95888c-7515-4811-be0a-8b1bc4fe7319
2025-01-28 12:47:47,899 - basicLogger - DEBUG - Stored event report_ship_arrived with trace id of 773141a3-d582-488b-a89a-2a590ba341ab
2025-01-28 12:47:47,961 - basicLogger - DEBUG - Stored event report_container_processed with trace id of e35b2741-4f98-41bd-aff6-acbf673d635f
2025-01-28 12:47:47,983 - basicLogger - DEBUG - Stored event report_container_processed with trace id of 397399d6-72c6-4bc3-ac08-34412f724ddf
2025-01-28 12:47:48,039 - basicLogger - DEBUG - Stored event report_ship_arrived with trace id of 28eb4938-c037-419b-9c03-ed8b0023fd6a
2025-01-28 12:47:48,058 - basicLogger - DEBUG - Stored event report_container_processed with trace id of 52e8d016-91e5-44ba-815f-2bfdb69e023f
2025-01-28 12:47:48,176 - basicLogger - DEBUG - Stored event report_container_processed with trace id of ac0f7d03-7673-489d-81d8-f64a7cd05848
2025-01-28 12:47:48,292 - basicLogger - DEBUG - Stored event report_ship_arrived with trace id of 2e0a9ce2-c7ab-4642-90ef-4770f04dfb69
2025-01-28 12:47:48,317 - basicLogger - DEBUG - Stored event report_ship_arrived with trace id of 7eea7d36-91aa-47c6-8050-d2235272770d
2025-01-28 12:47:48,343 - basicLogger - DEBUG - Stored event report_container_processed with trace id of 6f0d4b8a-d8cd-4079-8939-753a190d577c
2025-01-28 12:47:48,368 - basicLogger - DEBUG - Stored event report_ship_arrived with trace id of 016e480d-9392-463e-912c-43d0b395a2c1
2025-01-28 12:47:48,492 - basicLogger - DEBUG - Stored event report_ship_arrived with trace id of 3191004f-6a3a-4f69-8aeb-7ae1921b7b86
2025-01-28 12:47:48,634 - basicLogger - DEBUG - Stored event report_container_processed with trace id of 29198044-e595-4209-8ab5-2e72fbadac32
2025-01-28 12:47:48,655 - basicLogger - DEBUG - Stored event report_container_processed with trace id of b641f715-45e3-4695-ad8e-fca68cbda126
2025-01-28 12:47:48,693 - basicLogger - DEBUG - Stored event report_ship_arrived with trace id of 5ea8a379-1d29-47f3-82c4-aee92a035ea4
2025-01-28 12:47:48,710 - basicLogger - DEBUG - Stored event report_container_processed with trace id of 7f741f22-9e61-4852-9afa-e378c40164eb
2025-01-28 12:47:48,763 - basicLogger - DEBUG - Stored event report_container_processed with trace id of f4aa1d8d-867a-44de-a4c6-959e246444f6
2025-01-28 12:47:49,002 - basicLogger - DEBUG - Stored event report_ship_arrived with trace id of b4ecfd81-1496-44df-b114-bea317377638
2025-01-28 12:47:49,048 - basicLogger - DEBUG - Stored event report_ship_arrived with trace id of 0bafddc3-084b-428d-8511-0515efbdf7e5
2025-01-28 12:47:49,077 - basicLogger - DEBUG - Stored event report_container_processed with trace id of 4b78738c-0858-4f45-b0a5-dbdc7c61da46
2025-01-28 12:47:49,102 - basicLogger - DEBUG - Stored event report_ship_arrived with trace id of d9696737-723b-43da-bb46-d70aba362344
2025-01-28 12:47:49,123 - basicLogger - DEBUG - Stored event report_ship_arrived with trace id of 52688d21-8773-4748-bf0b-7084b21f4adf
2025-01-28 12:47:49,297 - basicLogger - DEBUG - Stored event report_container_processed with trace id of 823bef2b-2e77-4772-b9cf-5267497cb797
2025-01-28 12:47:49,351 - basicLogger - DEBUG - Stored event report_container_processed with trace id of 3970d92b-3102-45c0-a910-a072f46d847f
2025-01-28 12:47:49,417 - basicLogger - DEBUG - Stored event report_ship_arrived with trace id of 11ab8dc7-a6d9-4042-83fc-cc27d53d461e
2025-01-28 12:47:49,439 - basicLogger - DEBUG - Stored event report_container_processed with trace id of 755be40a-2427-4a80-a57c-169a9309d047
2025-01-28 12:47:49,457 - basicLogger - DEBUG - Stored event report_container_processed with trace id of 7a95bb51-f90f-431f-a207-680e01fe0cb6
2025-01-28 12:47:49,536 - basicLogger - DEBUG - Stored event report_ship_arrived with trace id of 13d4f1fe-2b61-48f4-94fa-b67388db2602
2025-01-28 12:47:49,649 - basicLogger - DEBUG - Stored event report_container_processed with trace id of 910bf380-4e10-43fb-bca2-818444bf48d0
2025-01-28 12:47:49,677 - basicLogger - DEBUG - Stored event report_ship_arrived with trace id of d461de5c-a139-4beb-8390-9bb6c0e0380e
2025-01-28 12:47:49,761 - basicLogger - DEBUG - Stored event report_container_processed with trace id of f57c03f9-f64c-4ddd-8c4f-54c1506ff458
2025-01-28 12:47:49,868 - basicLogger - DEBUG - Stored event report_ship_arrived with trace id of 3af6679f-52d2-4e16-9fc9-2284262bcec2
2025-01-28 12:47:49,886 - basicLogger - DEBUG - Stored event report_container_processed with trace id of 2604c5fa-7fe8-44fa-877f-c93384b55214
2025-01-28 12:47:50,027 - basicLogger - DEBUG - Stored event report_container_processed with trace id of 3d861a2e-1887-4f75-b9bc-b23294ef3f51
2025-02-04 11:04:33,277 - basicLogger - DEBUG - Stored event report_ship_arrived with trace id of 5817b213-f4c8-46dd-ad7c-2d51d2581168
2025-02-04 11:04:33,415 - basicLogger - DEBUG - Stored event report_ship_arrived with trace id of 40d3d587-4021-4130-ad6f-0afcd9e04e9d
2025-02-04 11:04:33,510 - basicLogger - DEBUG - Stored event report_container_processed with trace id of 93121f34-2357-4599-a905-509a78d70edc
2025-02-04 11:04:33,728 - basicLogger - DEBUG - Stored event report_container_processed with trace id of e8940360-84ce-40ca-9315-e1e3ea46e3c4
2025-02-04 11:04:33,769 - basicLogger - DEBUG - Stored event report_ship_arrived with trace id of 958247ea-241a-43d7-8272-7fa8fcd916b2
2025-02-04 11:04:33,777 - basicLogger - DEBUG - Stored event report_ship_arrived with trace id of 24f2dd40-9a78-4e28-834d-f73932232e10
2025-02-04 11:04:33,941 - basicLogger - DEBUG - Stored event report_ship_arrived with trace id of 8f433a8b-ec82-4d7f-bc05-73dade81bfa8
2025-02-04 11:04:34,026 - basicLogger - DEBUG - Stored event report_ship_arrived with trace id of 05dc3888-5bb2-4ff4-a930-40897c7d2bd8
2025-02-04 11:04:34,088 - basicLogger - DEBUG - Stored event report_container_processed with trace id of e879fa44-23e6-47d1-b33e-c439bcabbe7b
2025-02-04 11:04:34,098 - basicLogger - DEBUG - Stored event report_container_processed with trace id of 1a6c9f01-7b7d-4153-b06a-1b831be343ae
2025-02-04 11:04:34,131 - basicLogger - DEBUG - Stored event report_ship_arrived with trace id of 03d38719-8a09-482d-b71c-0a9a4cdf742f
2025-02-04 11:04:34,314 - basicLogger - DEBUG - Stored event report_container_processed with trace id of f48cc0e6-74b4-43fe-89e6-2fc1d8c6eb4e
2025-02-04 11:04:34,317 - basicLogger - DEBUG - Stored event report_container_processed with trace id of 2d75fdc8-5178-48af-a729-44e8796ff124
2025-02-04 11:04:34,431 - basicLogger - DEBUG - Stored event report_ship_arrived with trace id of c5f24ea0-3af5-4629-8372-4053f38d28fa
2025-02-04 11:04:34,469 - basicLogger - DEBUG - Stored event report_container_processed with trace id of 999427cb-c160-43f6-8ade-11b49d456ad2
2025-02-04 11:04:34,482 - basicLogger - DEBUG - Stored event report_ship_arrived with trace id of 07115f0b-6314-4adf-8cfb-265aaa1e4fde
2025-02-04 11:04:34,619 - basicLogger - DEBUG - Stored event report_ship_arrived with trace id of 71f8fe57-7cf9-453f-ae44-18ae4a6205f4
2025-02-04 11:04:34,634 - basicLogger - DEBUG - Stored event report_ship_arrived with trace id of 64092b85-a0af-4526-a8ad-1a64cd149d12
2025-02-04 11:04:34,724 - basicLogger - DEBUG - Stored event report_container_processed with trace id of 8452a353-e3d0-498a-b2f1-85cefeaa8b25
2025-02-04 11:04:34,773 - basicLogger - DEBUG - Stored event report_ship_arrived with trace id of b27cefb7-afec-4cf0-8566-436f142f3a42
2025-02-04 11:04:34,795 - basicLogger - DEBUG - Stored event report_container_processed with trace id of 4749ebbb-90c4-465d-b3ce-74c298539e47
2025-02-04 11:04:34,947 - basicLogger - DEBUG - Stored event report_container_processed with trace id of 134343a3-f957-47a9-baec-33aeeff4aa4c
2025-02-04 11:04:34,960 - basicLogger - DEBUG - Stored event report_container_processed with trace id of b58d5d32-60c7-442c-8458-cfc5cf15d5c3
2025-02-04 11:04:34,997 - basicLogger - DEBUG - Stored event report_ship_arrived with trace id of c8f5b112-735e-4cfa-bf9a-798a79eb3c5f
2025-02-04 11:04:35,084 - basicLogger - DEBUG - Stored event report_container_processed with trace id of ca3c8075-23f2-41c0-8a7c-cff05cd1db9c
2025-02-04 11:04:35,119 - basicLogger - DEBUG - Stored event report_ship_arrived with trace id of 157ccf73-d618-4cb1-99fb-e4805edac527
2025-02-04 11:04:35,236 - basicLogger - DEBUG - Stored event report_ship_arrived with trace id of e13a70a9-cdb1-455d-89eb-f71fe765a673
2025-02-04 11:04:35,272 - basicLogger - DEBUG - Stored event report_ship_arrived with trace id of 421b3e74-abdc-4779-a305-af1faabf0885
2025-02-04 11:04:35,356 - basicLogger - DEBUG - Stored event report_container_processed with trace id of 56da6cb2-0f3a-497a-91af-a59cc238c039
2025-02-04 11:04:35,435 - basicLogger - DEBUG - Stored event report_container_processed with trace id of a1739a8b-534b-4801-ba74-c2a65a3df779
2025-02-04 11:04:35,468 - basicLogger - DEBUG - Stored event report_ship_arrived with trace id of 4de4b77e-8065-4465-a060-9cd85b399b9f
2025-02-04 11:04:35,629 - basicLogger - DEBUG - Stored event report_container_processed with trace id of 78ac1d92-4680-40e7-be1b-6fa85bf1f3c7
2025-02-04 11:04:35,686 - basicLogger - DEBUG - Stored event report_container_processed with trace id of fec4fcf6-847f-4c64-bc08-bb13d232b7fb
2025-02-04 11:04:35,706 - basicLogger - DEBUG - Stored event report_ship_arrived with trace id of 1de152ab-987d-41b6-b6fd-d7adc06e396a
2025-02-04 11:04:35,753 - basicLogger - DEBUG - Stored event report_ship_arrived with trace id of 3c30465f-4826-4d33-957b-0b8681830e38
2025-02-04 11:04:35,776 - basicLogger - DEBUG - Stored event report_container_processed with trace id of e17c7f36-d290-4626-99e5-e6da757cafd6
2025-02-04 11:04:35,951 - basicLogger - DEBUG - Stored event report_ship_arrived with trace id of 54f59720-1084-46b2-9ea6-1c2be53a1adc
2025-02-04 11:04:35,995 - basicLogger - DEBUG - Stored event report_ship_arrived with trace id of 33bc8245-d46a-4156-96cf-1e07dcfd081a
2025-02-04 11:04:36,008 - basicLogger - DEBUG - Stored event report_container_processed with trace id of ad22bbdd-354d-4e68-8c71-6f64eb690f6f
2025-02-04 11:04:36,073 - basicLogger - DEBUG - Stored event report_container_processed with trace id of 77e96dd2-9642-4cf7-915b-ac6883763685
2025-02-04 11:04:36,088 - basicLogger - DEBUG - Stored event report_ship_arrived with trace id of b8676cbd-a164-4bd3-aaa0-b806a67d1225
2025-02-04 11:04:36,216 - basicLogger - DEBUG - Stored event report_container_processed with trace id of 4a9a4d2c-7c17-4822-b9c5-9f0e477794f2
2025-02-04 11:04:36,279 - basicLogger - DEBUG - Stored event report_container_processed with trace id of ae588570-e7f3-45b1-beed-9cf92e61d4ed
2025-02-04 11:04:36,295 - basicLogger - DEBUG - Stored event report_ship_arrived with trace id of 56f1a8d2-7b8c-470d-bca7-681652631b7a
2025-02-04 11:04:36,390 - basicLogger - DEBUG - Stored event report_container_processed with trace id of 1d4d320f-e184-42ac-a892-9e65d08957e0
2025-02-04 11:04:36,442 - basicLogger - DEBUG - Stored event report_ship_arrived with trace id of e83485dd-a309-4b34-af28-3a7c4ae6f16c
2025-02-04 11:04:36,524 - basicLogger - DEBUG - Stored event report_container_processed with trace id of 4b83ac35-c2cc-43f3-82a7-6d66ca13a896
2025-02-04 11:04:36,603 - basicLogger - DEBUG - Stored event report_ship_arrived with trace id of 4ee2501f-c111-4f70-b945-799d7a496f9d
2025-02-04 11:04:36,647 - basicLogger - DEBUG - Stored event report_container_processed with trace id of a110cea6-2e4a-49f5-bcae-9fb659a392cc
2025-02-04 11:04:36,751 - basicLogger - DEBUG - Stored event report_container_processed with trace id of 231c76b9-44d6-47e3-b1a8-141fb68b4e57
2025-02-04 12:18:47,188 - basicLogger - INFO - Found 13 ship arrival events (start: 2025-02-04 19:04:33, end: 2025-02-04 19:04:35)
